{"level":"error","message":" Something is wrong ","timestamp":"2021-10-28T08:39:17.389Z"}
{"level":"error","message":" Something is wrong ","timestamp":"2021-10-28T08:39:30.745Z"}
{"level":"error","message":" Something is wrong ","timestamp":"2021-10-28T08:40:27.579Z"}
{"level":"error","message":" Something is wrong ","timestamp":"2021-10-28T08:45:48.520Z"}
{"level":"error","message":" Something is wrong ","timestamp":"2021-10-28T12:07:26.711Z"}
{"level":"error","message":" Something is wrong ","timestamp":"2021-10-28T12:13:54.387Z"}
{"level":"error","message":" Something is wrong ","timestamp":"2021-10-28T12:15:20.247Z"}
{"level":"error","message":" Something is wrong ","timestamp":"2021-10-28T12:18:41.842Z"}
{"level":"error","message":" Something is wrong ","timestamp":"2021-10-28T12:24:38.897Z"}
{"level":"error","message":" Something is wrong ","timestamp":"2021-10-28T12:27:36.291Z"}
{"level":"error","message":" Something is wrong ","timestamp":"2021-10-28T12:31:31.284Z"}
{"level":"error","message":" Something is wrong ","timestamp":"2021-10-28T12:54:13.417Z"}
{"level":"error","message":"Find error in model","timestamp":"2021-10-28T12:54:22.453Z"}
{"level":"error","message":" Something is wrong ","timestamp":"2021-10-28T12:56:19.780Z"}
{"level":"error","message":" Something is wrong ","timestamp":"2021-10-28T12:56:46.447Z"}
{"level":"error","message":" Something is wrong ","timestamp":"2021-10-28T13:02:24.679Z"}
{"level":"error","message":" Something is wrong ","timestamp":"2021-10-28T13:05:14.935Z"}
{"level":"error","message":" Something is wrong ","timestamp":"2021-10-28T13:08:44.408Z"}
{"level":"error","message":" Something is wrong ","timestamp":"2021-10-28T13:12:55.679Z"}
{"level":"error","message":" Something is wrong ","timestamp":"2021-10-28T13:15:18.679Z"}
{"level":"error","message":" Something is wrong ","timestamp":"2021-10-28T13:17:41.203Z"}
{"level":"error","message":" Something is wrong ","timestamp":"2021-10-28T13:20:23.876Z"}
{"level":"error","message":" Something is wrong ","timestamp":"2021-10-28T13:22:42.041Z"}
{"level":"error","message":" Something is wrong ","timestamp":"2021-10-28T13:23:05.314Z"}
{"level":"error","message":" Something is wrong ","timestamp":"2021-10-28T13:36:15.842Z"}
{"level":"error","message":" Something is wrong ","timestamp":"2021-10-28T13:45:16.055Z"}
{"level":"error","message":" Something is wrong ","timestamp":"2021-10-28T13:46:07.831Z"}
{"level":"error","message":"email id is not exist","timestamp":"2021-10-28T13:46:11.803Z"}
{"level":"error","message":"email id is not exist","timestamp":"2021-10-28T13:49:29.941Z"}
{"level":"error","message":" Something is wrong ","timestamp":"2021-10-28T13:50:49.905Z"}
{"level":"error","message":"email id is not exist","timestamp":"2021-10-28T13:50:54.741Z"}
{"level":"error","message":" Something is wrong ","timestamp":"2021-10-28T13:51:09.063Z"}
{"level":"error","message":" Something is wrong ","timestamp":"2021-10-28T13:54:15.301Z"}
{"level":"error","message":" Something is wrong ","timestamp":"2021-10-28T13:54:44.254Z"}
{"level":"error","message":" Something is wrong ","timestamp":"2021-10-28T13:56:26.207Z"}
{"level":"error","message":" Something is wrong ","timestamp":"2021-10-28T13:56:51.118Z"}
{"level":"error","message":" Something is wrong ","timestamp":"2021-10-28T13:59:33.270Z"}
{"level":"error","message":" Something is wrong ","timestamp":"2021-10-28T14:15:24.203Z"}
{"level":"error","message":" Something is wrong ","timestamp":"2021-10-28T15:31:36.100Z"}
{"level":"error","message":" Something is wrong ","timestamp":"2021-10-28T15:32:34.499Z"}
{"level":"error","message":" Something is wrong ","timestamp":"2021-10-28T15:34:28.311Z"}
{"level":"error","message":"Invalid Details","timestamp":"2021-10-28T15:34:30.836Z"}
{"level":"error","message":"Invalid Details","timestamp":"2021-10-28T15:34:30.924Z"}
{"level":"error","message":"Invalid Details","timestamp":"2021-10-28T15:34:31.001Z"}
{"level":"error","message":"Find error in model","timestamp":"2021-10-28T15:34:31.139Z"}
{"level":"error","message":"Find error in model","timestamp":"2021-10-28T15:34:31.386Z"}
{"level":"error","message":"Password does not match","timestamp":"2021-10-28T15:34:32.499Z"}
{"level":"error","message":"Find error in model","timestamp":"2021-10-28T15:36:57.876Z"}
{"level":"error","message":" Something is wrong ","timestamp":"2021-10-28T15:37:27.648Z"}
{"level":"error","message":"Find error in model","timestamp":"2021-10-28T15:37:27.852Z"}
{"level":"error","message":"Invalid Details","timestamp":"2021-10-28T15:37:27.939Z"}
{"level":"error","message":"Invalid Details","timestamp":"2021-10-28T15:37:28.015Z"}
{"level":"error","message":"Invalid Details","timestamp":"2021-10-28T15:37:28.091Z"}
{"level":"error","message":"Find error in model","timestamp":"2021-10-28T15:37:28.249Z"}
{"level":"error","message":"Password does not match","timestamp":"2021-10-28T15:37:28.619Z"}
{"level":"error","message":"Find error in model","timestamp":"2021-10-28T15:38:22.726Z"}
{"level":"error","message":" Something is wrong ","timestamp":"2021-10-28T15:38:38.428Z"}
{"level":"error","message":"Find error in model","timestamp":"2021-10-28T15:38:38.675Z"}
{"level":"error","message":"Invalid Details","timestamp":"2021-10-28T15:38:38.769Z"}
{"level":"error","message":"Invalid Details","timestamp":"2021-10-28T15:38:38.852Z"}
{"level":"error","message":"Invalid Details","timestamp":"2021-10-28T15:38:38.926Z"}
{"level":"error","message":"Find error in model","timestamp":"2021-10-28T15:38:39.104Z"}
{"level":"error","message":"Password does not match","timestamp":"2021-10-28T15:38:39.411Z"}
{"level":"error","message":"Find error in model","timestamp":"2021-10-28T15:39:17.214Z"}
{"level":"error","message":" Something is wrong ","timestamp":"2021-10-28T15:39:27.141Z"}
{"level":"error","message":"Find error in model","timestamp":"2021-10-28T15:39:27.358Z"}
{"level":"error","message":"Invalid Details","timestamp":"2021-10-28T15:39:27.458Z"}
{"level":"error","message":"Invalid Details","timestamp":"2021-10-28T15:39:27.539Z"}
{"level":"error","message":"Invalid Details","timestamp":"2021-10-28T15:39:27.618Z"}
{"level":"error","message":"Find error in model","timestamp":"2021-10-28T15:39:27.774Z"}
{"level":"error","message":"Password does not match","timestamp":"2021-10-28T15:39:28.075Z"}
{"level":"error","message":" Something is wrong ","timestamp":"2021-10-28T16:02:07.562Z"}
{"level":"error","message":" Something is wrong ","timestamp":"2021-10-28T16:04:06.603Z"}
{"level":"error","message":" Something is wrong ","timestamp":"2021-10-28T16:05:46.083Z"}
{"level":"error","message":" Something is wrong ","timestamp":"2021-10-28T16:06:22.064Z"}
{"level":"error","message":" Something is wrong ","timestamp":"2021-10-28T16:15:09.681Z"}
{"level":"error","message":" Something is wrong ","timestamp":"2021-10-28T16:22:00.014Z"}
{"level":"error","message":" Something is wrong ","timestamp":"2021-10-28T16:22:32.541Z"}
{"level":"error","message":" Something is wrong ","timestamp":"2021-10-28T16:26:22.656Z"}
{"level":"error","message":" Something is wrong ","timestamp":"2021-10-28T16:30:59.639Z"}
{"level":"error","message":" Something is wrong ","timestamp":"2021-10-28T16:33:00.278Z"}
{"level":"error","message":" Something is wrong ","timestamp":"2021-10-28T16:37:17.263Z"}
{"level":"error","message":" Something is wrong ","timestamp":"2021-10-28T16:40:15.145Z"}
{"level":"error","message":" Something is wrong ","timestamp":"2021-10-28T16:43:32.858Z"}
{"level":"error","message":" Something is wrong ","timestamp":"2021-10-28T16:48:23.990Z"}
{"level":"error","message":" Something is wrong ","timestamp":"2021-10-28T16:48:55.848Z"}
{"level":"error","message":" Something is wrong ","timestamp":"2021-10-28T17:01:10.932Z"}
{"level":"error","message":" Something is wrong ","timestamp":"2021-10-29T02:18:47.995Z"}
{"level":"error","message":" Something is wrong ","timestamp":"2021-10-29T02:34:20.708Z"}
{"level":"error","message":" Something is wrong ","timestamp":"2021-10-29T02:38:01.843Z"}
{"level":"error","message":" Something is wrong ","timestamp":"2021-10-29T02:38:37.314Z"}
{"level":"error","message":" Something is wrong ","timestamp":"2021-10-29T02:38:40.988Z"}
{"level":"error","message":" Something is wrong ","timestamp":"2021-10-29T02:39:29.234Z"}
{"level":"error","message":" Something is wrong ","timestamp":"2021-10-29T02:44:33.330Z"}
{"level":"error","message":" Something is wrong ","timestamp":"2021-10-29T02:45:45.557Z"}
{"level":"error","message":" Something is wrong ","timestamp":"2021-10-29T02:45:56.246Z"}
{"level":"error","message":" Something is wrong ","timestamp":"2021-10-29T02:46:19.049Z"}
{"level":"error","message":" Something is wrong ","timestamp":"2021-10-29T02:52:11.074Z"}
{"level":"error","message":" Something is wrong ","timestamp":"2021-10-29T02:53:05.522Z"}
{"level":"error","message":" Something is wrong ","timestamp":"2021-10-29T02:55:01.103Z"}
{"level":"error","message":" Something is wrong ","timestamp":"2021-10-29T02:58:30.563Z"}
{"level":"error","message":" Something is wrong ","timestamp":"2021-10-29T03:12:16.669Z"}
{"level":"error","message":" Something is wrong ","timestamp":"2021-10-29T03:16:45.313Z"}
{"level":"error","message":" Something is wrong ","timestamp":"2021-10-29T03:20:15.370Z"}
{"level":"error","message":" Something is wrong ","timestamp":"2021-10-30T03:11:42.919Z"}
{"level":"error","message":" Something is wrong ","timestamp":"2021-10-30T03:25:01.364Z"}
{"level":"error","message":" Something is wrong ","timestamp":"2021-10-30T03:25:38.749Z"}
{"level":"error","message":" Something is wrong ","timestamp":"2021-10-30T03:25:58.228Z"}
{"level":"error","message":" Something is wrong ","timestamp":"2021-10-30T03:27:05.456Z"}
{"level":"error","message":" Something is wrong ","timestamp":"2021-10-30T03:27:15.230Z"}
{"level":"error","message":" Something is wrong ","timestamp":"2021-10-30T03:58:55.722Z"}
{"level":"error","message":"Password does not match","timestamp":"2021-10-30T03:59:29.079Z"}
{"level":"error","message":" Something is wrong ","timestamp":"2021-10-30T04:11:33.131Z"}
{"level":"error","message":" Something is wrong ","timestamp":"2021-10-30T04:16:16.822Z"}
{"level":"error","message":" Something is wrong ","timestamp":"2021-10-30T05:16:08.413Z"}
{"level":"error","message":" Something is wrong ","timestamp":"2021-10-30T05:20:00.948Z"}
{"level":"error","message":" Something is wrong ","timestamp":"2021-10-30T05:20:20.031Z"}
{"level":"error","message":" Something is wrong ","timestamp":"2021-10-30T05:20:25.194Z"}
{"level":"error","message":" Something is wrong ","timestamp":"2021-10-30T05:22:07.589Z"}
{"level":"error","message":" Something is wrong ","timestamp":"2021-10-30T05:22:15.574Z"}
{"level":"error","message":" Something is wrong ","timestamp":"2021-10-30T05:23:28.429Z"}
{"level":"error","message":" Something is wrong ","timestamp":"2021-10-30T05:24:36.926Z"}
{"level":"error","message":" Something is wrong ","timestamp":"2021-10-30T05:24:47.467Z"}
{"level":"error","message":" Something is wrong ","timestamp":"2021-10-30T06:27:48.371Z"}
{"level":"error","message":" Something is wrong ","timestamp":"2021-10-30T06:28:33.041Z"}
{"level":"error","message":" Something is wrong ","timestamp":"2021-10-30T06:49:21.882Z"}
{"level":"error","message":" Something is wrong ","timestamp":"2021-10-30T06:49:58.905Z"}
{"level":"error","message":" Something is wrong ","timestamp":"2021-10-30T07:22:57.944Z"}
{"level":"error","message":" Something is wrong ","timestamp":"2021-10-30T07:26:07.167Z"}
{"level":"error","message":" Something is wrong ","timestamp":"2021-10-30T07:33:08.776Z"}
{"level":"error","message":" Something is wrong ","timestamp":"2021-10-30T07:35:00.560Z"}
{"level":"error","message":" Something is wrong ","timestamp":"2021-10-30T07:36:36.445Z"}
{"level":"error","message":" Something is wrong ","timestamp":"2021-10-30T07:38:57.565Z"}
{"level":"error","message":" Something is wrong ","timestamp":"2021-10-30T07:39:20.339Z"}
{"level":"error","message":" Something is wrong ","timestamp":"2021-10-30T07:41:58.711Z"}
{"level":"error","message":" Something is wrong ","timestamp":"2021-10-30T07:48:55.272Z"}
{"level":"error","message":" Something is wrong ","timestamp":"2021-10-30T07:49:04.153Z"}
{"level":"error","message":" Something is wrong ","timestamp":"2021-10-30T11:06:43.255Z"}
{"level":"error","message":" Something is wrong ","timestamp":"2021-10-30T16:24:47.589Z"}
{"code":"EAUTH","command":"API","level":"error","timestamp":"2021-10-30T16:24:52.017Z"}
{"code":"EAUTH","command":"API","level":"error","timestamp":"2021-10-30T16:25:22.231Z"}
{"level":"error","message":" Something is wrong ","timestamp":"2021-10-30T16:32:57.034Z"}
{"code":"EAUTH","command":"API","level":"error","timestamp":"2021-10-30T16:33:02.086Z"}
{"level":"error","message":" Something is wrong ","timestamp":"2021-10-30T16:34:34.846Z"}
{"code":"EAUTH","command":"API","level":"error","timestamp":"2021-10-30T16:34:49.100Z"}
{"level":"error","message":" Something is wrong ","timestamp":"2021-10-30T16:40:36.879Z"}
{"code":"EAUTH","command":"API","level":"error","timestamp":"2021-10-30T16:40:41.592Z"}
{"level":"error","message":" Something is wrong ","timestamp":"2021-10-30T16:41:51.506Z"}
{"code":"EAUTH","command":"API","level":"error","timestamp":"2021-10-30T16:41:57.662Z"}
{"level":"error","message":" Something is wrong ","timestamp":"2021-10-30T16:43:22.334Z"}
{"level":"error","message":"email id is not exist","timestamp":"2021-10-30T16:43:28.675Z"}
{"level":"error","message":" Something is wrong ","timestamp":"2021-10-30T16:43:57.394Z"}
{"level":"error","message":" Something is wrong ","timestamp":"2021-10-30T16:45:08.342Z"}
{"code":"EAUTH","command":"API","level":"error","timestamp":"2021-10-30T16:45:13.777Z"}
{"level":"error","message":" Something is wrong ","timestamp":"2021-10-30T16:51:42.110Z"}
{"code":"EAUTH","command":"AUTH PLAIN","level":"error","response":"535-5.7.8 Username and Password not accepted. Learn more at\n535 5.7.8  https://support.google.com/mail/?p=BadCredentials n12sm8534596pgh.55 - gsmtp","responseCode":535,"timestamp":"2021-10-30T16:51:47.660Z"}
{"level":"error","message":" Something is wrong ","timestamp":"2021-10-30T16:53:41.731Z"}
{"level":"error","message":" Something is wrong ","timestamp":"2021-10-30T17:05:26.505Z"}
{"level":"error","message":" Something is wrong ","timestamp":"2021-10-30T17:07:58.386Z"}
{"code":"EDNS","command":"CONN","errno":-3008,"hostname":"smpt.gmail.com","level":"error","syscall":"getaddrinfo","timestamp":"2021-10-30T17:07:58.844Z"}
{"level":"error","message":" Something is wrong ","timestamp":"2021-10-30T17:09:25.579Z"}
{"code":"EDNS","command":"CONN","errno":-3008,"hostname":"smpt.gmail.com","level":"error","syscall":"getaddrinfo","timestamp":"2021-10-30T17:09:26.161Z"}
{"level":"error","message":" Something is wrong ","timestamp":"2021-10-30T17:09:44.162Z"}
{"code":"EDNS","command":"CONN","errno":-3008,"hostname":"smpt.gmail.com","level":"error","syscall":"getaddrinfo","timestamp":"2021-10-30T17:09:44.185Z"}
{"level":"error","message":" Something is wrong ","timestamp":"2021-10-30T17:10:39.168Z"}
{"code":"EDNS","command":"CONN","errno":-3008,"hostname":"smpt.gmail.com","level":"error","syscall":"getaddrinfo","timestamp":"2021-10-30T17:10:39.634Z"}
{"level":"error","message":" Something is wrong ","timestamp":"2021-10-31T04:27:06.927Z"}
{"level":"error","message":" Something is wrong ","timestamp":"2021-10-31T04:31:21.796Z"}
{"level":"error","message":" Something is wrong ","timestamp":"2021-10-31T04:32:08.809Z"}
{"level":"error","message":"Invalid Details","timestamp":"2021-10-31T04:33:07.860Z"}
{"level":"error","message":" Something is wrong ","timestamp":"2021-10-31T04:34:24.909Z"}
{"level":"error","message":" Something is wrong ","timestamp":"2021-10-31T04:35:37.727Z"}
{"level":"error","message":" Something is wrong ","timestamp":"2021-10-31T04:41:52.910Z"}
{"level":"error","message":" Something is wrong ","timestamp":"2021-10-31T04:42:00.945Z"}
{"level":"error","message":" Something is wrong ","timestamp":"2021-10-31T04:43:43.374Z"}
{"level":"error","message":" Something is wrong ","timestamp":"2021-10-31T04:57:42.783Z"}
{"level":"error","message":" Something is wrong ","timestamp":"2021-10-31T05:05:19.655Z"}
{"level":"error","message":" Something is wrong ","timestamp":"2021-10-31T05:06:59.654Z"}
{"level":"error","message":" Something is wrong ","timestamp":"2021-10-31T05:07:54.908Z"}
{"level":"error","message":" Something is wrong ","timestamp":"2021-10-31T05:09:10.214Z"}
{"level":"error","message":" Something is wrong ","timestamp":"2021-10-31T05:19:56.857Z"}
{"level":"error","message":" Something is wrong ","timestamp":"2021-10-31T05:30:00.181Z"}
{"level":"error","message":" Something is wrong ","timestamp":"2021-10-31T07:13:30.195Z"}
{"level":"error","message":" Something is wrong ","timestamp":"2021-10-31T07:14:01.903Z"}
{"level":"error","message":" Something is wrong ","timestamp":"2021-10-31T07:14:03.478Z"}
{"level":"error","message":" Something is wrong ","timestamp":"2021-10-31T07:15:08.505Z"}
{"level":"error","message":" Something is wrong ","timestamp":"2021-10-31T08:15:09.573Z"}
{"level":"error","message":" Something is wrong ","timestamp":"2021-10-31T08:17:07.129Z"}
{"level":"error","message":" Something is wrong ","timestamp":"2021-10-31T08:17:59.650Z"}
{"level":"error","message":" Something is wrong ","timestamp":"2021-10-31T08:20:26.054Z"}
{"level":"error","message":" Something is wrong ","timestamp":"2021-10-31T09:09:25.891Z"}
{"level":"error","message":" Something is wrong ","timestamp":"2021-10-31T09:09:46.893Z"}
{"level":"error","message":" Something is wrong ","timestamp":"2021-10-31T09:46:48.472Z"}
{"level":"error","message":" Something is wrong ","timestamp":"2021-10-31T09:55:41.563Z"}
{"level":"error","message":" Something is wrong ","timestamp":"2021-10-31T09:59:44.708Z"}
{"level":"error","message":" Something is wrong ","timestamp":"2021-10-31T12:15:30.971Z"}
{"level":"error","message":" Something is wrong ","timestamp":"2021-10-31T12:31:06.062Z"}
{"level":"error","message":" Something is wrong ","timestamp":"2021-10-31T12:31:28.377Z"}
{"level":"error","message":" Something is wrong ","timestamp":"2021-10-31T12:57:45.355Z"}
{"level":"error","message":" Something is wrong ","timestamp":"2021-10-31T12:59:24.026Z"}
{"level":"error","message":" Something is wrong ","timestamp":"2021-10-31T15:18:34.822Z"}
{"level":"error","message":" Something is wrong ","timestamp":"2021-10-31T17:17:36.209Z"}
{"level":"error","message":"Internal Error","timestamp":"2021-10-31T17:17:47.477Z"}
{"level":"error","message":"email id is not exist","timestamp":"2021-10-31T17:17:47.477Z"}
{"level":"error","message":" Something is wrong ","timestamp":"2021-10-31T17:18:23.061Z"}
{"level":"error","message":"Internal Error","timestamp":"2021-10-31T17:18:27.213Z"}
{"level":"error","message":"email id is not exist","timestamp":"2021-10-31T17:18:27.214Z"}
{"level":"error","message":"Internal Error","timestamp":"2021-10-31T17:18:30.380Z"}
{"level":"error","message":"email id is not exist","timestamp":"2021-10-31T17:18:30.380Z"}
{"level":"error","message":" Something is wrong ","timestamp":"2021-10-31T17:18:43.779Z"}
{"level":"error","message":" Something is wrong ","timestamp":"2021-10-31T17:18:49.392Z"}
{"level":"error","message":" Something is wrong ","timestamp":"2021-10-31T17:20:08.344Z"}
{"level":"error","message":" Something is wrong ","timestamp":"2021-10-31T17:22:47.062Z"}
{"level":"error","message":" Something is wrong ","timestamp":"2021-11-01T02:06:47.428Z"}
{"level":"error","message":" Something is wrong ","timestamp":"2021-11-01T02:07:07.015Z"}
{"level":"error","message":" Something is wrong ","timestamp":"2021-11-01T02:12:20.281Z"}
{"level":"error","message":" Something is wrong ","timestamp":"2021-11-01T02:13:10.372Z"}
{"level":"error","message":" Something is wrong ","timestamp":"2021-11-01T02:14:41.208Z"}
{"level":"error","message":" Something is wrong ","timestamp":"2021-11-01T02:16:04.199Z"}
{"level":"error","message":" Something is wrong ","timestamp":"2021-11-01T02:18:50.439Z"}
{"level":"error","message":" Something is wrong ","timestamp":"2021-11-01T02:19:14.947Z"}
{"level":"error","message":" Something is wrong ","timestamp":"2021-11-01T02:20:44.258Z"}
{"level":"error","message":" Something is wrong ","timestamp":"2021-11-01T02:20:52.028Z"}
{"level":"error","message":" Something is wrong ","timestamp":"2021-11-01T02:52:06.637Z"}
{"level":"error","message":" Something is wrong ","timestamp":"2021-11-01T02:54:26.874Z"}
{"level":"error","message":" Something is wrong ","timestamp":"2021-11-01T03:12:52.461Z"}
{"level":"error","message":" Something is wrong ","timestamp":"2021-11-01T03:13:14.196Z"}
{"level":"error","message":" Something is wrong ","timestamp":"2021-11-01T03:27:54.132Z"}
{"level":"error","message":" Something is wrong ","timestamp":"2021-11-01T03:28:25.803Z"}
{"level":"error","message":" Something is wrong ","timestamp":"2021-11-01T03:28:40.881Z"}
{"level":"error","message":" Something is wrong ","timestamp":"2021-11-01T03:29:36.379Z"}
{"level":"error","message":" Something is wrong ","timestamp":"2021-11-01T03:31:05.558Z"}
{"level":"error","message":" Something is wrong ","timestamp":"2021-11-01T03:31:14.172Z"}
{"level":"error","message":" Something is wrong ","timestamp":"2021-11-01T03:38:06.354Z"}
{"level":"error","message":" Something is wrong ","timestamp":"2021-11-01T03:38:44.270Z"}
{"level":"error","message":" Something is wrong ","timestamp":"2021-11-01T03:48:59.454Z"}
{"level":"error","message":" Something is wrong ","timestamp":"2021-11-01T03:57:58.686Z"}
{"level":"error","message":" Something is wrong ","timestamp":"2021-11-01T03:58:07.869Z"}
{"level":"error","message":" Something is wrong ","timestamp":"2021-11-01T04:03:37.821Z"}
{"level":"error","message":" Something is wrong ","timestamp":"2021-11-01T04:03:50.662Z"}
{"level":"error","message":" Something is wrong ","timestamp":"2021-11-01T04:04:05.693Z"}
{"level":"error","message":" Something is wrong ","timestamp":"2021-11-01T04:05:52.280Z"}
{"level":"error","message":" Something is wrong ","timestamp":"2021-11-01T04:06:16.330Z"}
{"level":"error","message":" Something is wrong ","timestamp":"2021-11-01T04:06:32.853Z"}
{"level":"error","message":" Something is wrong ","timestamp":"2021-11-01T04:07:59.505Z"}
{"code":"EAUTH","command":"AUTH PLAIN","level":"error","response":"535-5.7.8 Username and Password not accepted. Learn more at\n535 5.7.8  https://support.google.com/mail/?p=BadCredentials l11sm16088275pjg.22 - gsmtp","responseCode":535,"timestamp":"2021-11-01T04:08:07.268Z"}
{"level":"error","message":" Something is wrong ","timestamp":"2021-11-01T04:08:36.490Z"}
{"code":"EAUTH","command":"AUTH PLAIN","level":"error","response":"535-5.7.8 Username and Password not accepted. Learn more at\n535 5.7.8  https://support.google.com/mail/?p=BadCredentials g37sm11733089pgg.89 - gsmtp","responseCode":535,"timestamp":"2021-11-01T04:08:42.595Z"}
{"level":"error","message":" Something is wrong ","timestamp":"2021-11-01T04:16:33.956Z"}
{"level":"error","message":" Something is wrong ","timestamp":"2021-11-01T04:16:39.447Z"}
{"level":"error","message":" Something is wrong ","timestamp":"2021-11-01T04:16:47.348Z"}
{"level":"error","message":" Something is wrong ","timestamp":"2021-11-01T04:17:04.230Z"}
{"level":"error","message":" Something is wrong ","timestamp":"2021-11-01T04:24:08.164Z"}
{"level":"error","message":" Something is wrong ","timestamp":"2021-11-01T04:24:23.345Z"}
{"level":"error","message":" Something is wrong ","timestamp":"2021-11-01T04:24:44.691Z"}
{"level":"error","message":" Something is wrong ","timestamp":"2021-11-01T04:33:18.924Z"}
{"level":"error","message":" Something is wrong ","timestamp":"2021-11-01T04:40:10.308Z"}
{"level":"error","message":" Something is wrong ","timestamp":"2021-11-01T04:41:15.896Z"}
{"level":"error","message":" Something is wrong ","timestamp":"2021-11-01T04:41:59.846Z"}
{"level":"error","message":" Something is wrong ","timestamp":"2021-11-01T04:55:23.009Z"}
{"level":"error","message":" Something is wrong ","timestamp":"2021-11-01T04:59:14.038Z"}
{"level":"error","message":" Something is wrong ","timestamp":"2021-11-01T05:00:45.244Z"}
{"level":"error","message":" Something is wrong ","timestamp":"2021-11-01T05:02:09.492Z"}
{"level":"error","message":" Something is wrong ","timestamp":"2021-11-01T05:06:00.695Z"}
{"level":"error","message":" Something is wrong ","timestamp":"2021-11-01T05:08:48.495Z"}
{"level":"error","message":" Something is wrong ","timestamp":"2021-11-01T05:08:52.458Z"}
{"level":"error","message":" Something is wrong ","timestamp":"2021-11-01T05:10:36.466Z"}
{"level":"error","message":" Something is wrong ","timestamp":"2021-11-01T06:16:43.546Z"}
{"level":"error","message":" Something is wrong ","timestamp":"2021-11-01T06:17:03.840Z"}
{"level":"error","message":" Something is wrong ","timestamp":"2021-11-01T06:20:16.878Z"}
{"level":"error","message":" Something is wrong ","timestamp":"2021-11-01T06:20:19.109Z"}
{"level":"error","message":" Something is wrong ","timestamp":"2021-11-01T06:22:11.765Z"}
{"level":"error","message":" Something is wrong ","timestamp":"2021-11-01T06:24:06.388Z"}
{"level":"error","message":" Something is wrong ","timestamp":"2021-11-01T06:25:26.946Z"}
{"level":"error","message":" Something is wrong ","timestamp":"2021-11-01T06:31:01.572Z"}
{"level":"error","message":" Something is wrong ","timestamp":"2021-11-01T06:51:17.716Z"}
{"level":"error","message":" Something is wrong ","timestamp":"2021-11-01T06:52:39.813Z"}
{"level":"error","message":" Something is wrong ","timestamp":"2021-11-01T06:54:13.285Z"}
{"level":"error","message":" Something is wrong ","timestamp":"2021-11-01T06:54:17.710Z"}
{"level":"error","message":" Something is wrong ","timestamp":"2021-11-01T06:54:41.942Z"}
{"level":"error","message":" Something is wrong ","timestamp":"2021-11-01T06:59:23.662Z"}
{"level":"error","message":" Something is wrong ","timestamp":"2021-11-01T07:02:22.280Z"}
{"level":"error","message":" Something is wrong ","timestamp":"2021-11-01T07:10:37.936Z"}
{"level":"error","message":"Find error in model","timestamp":"2021-11-01T07:10:39.384Z"}
{"level":"error","message":"Invalid Details","timestamp":"2021-11-01T07:10:39.622Z"}
{"level":"error","message":"Invalid Details","timestamp":"2021-11-01T07:10:39.697Z"}
{"level":"error","message":"Invalid Details","timestamp":"2021-11-01T07:10:39.771Z"}
{"level":"error","message":"Find error in model","timestamp":"2021-11-01T07:10:39.984Z"}
{"level":"error","message":"Password does not match","timestamp":"2021-11-01T07:10:40.963Z"}
{"level":"error","message":" Something is wrong ","timestamp":"2021-11-01T07:13:57.954Z"}
{"level":"error","message":" Something is wrong ","timestamp":"2021-11-01T07:15:20.089Z"}
{"level":"error","message":" Something is wrong ","timestamp":"2021-11-01T07:25:47.099Z"}
{"level":"error","message":" Something is wrong ","timestamp":"2021-11-01T07:26:26.481Z"}
{"level":"error","message":" Something is wrong ","timestamp":"2021-11-01T07:31:38.970Z"}
{"level":"error","message":" Something is wrong ","timestamp":"2021-11-01T07:33:21.195Z"}
{"level":"error","message":" Something is wrong ","timestamp":"2021-11-01T07:35:27.310Z"}
{"level":"error","message":" Something is wrong ","timestamp":"2021-11-01T07:35:47.898Z"}
{"level":"error","message":" Something is wrong ","timestamp":"2021-11-01T07:36:21.511Z"}
{"level":"error","message":" Something is wrong ","timestamp":"2021-11-01T07:36:25.768Z"}
{"level":"error","message":" Something is wrong ","timestamp":"2021-11-01T07:37:12.601Z"}
{"level":"error","message":" Something is wrong ","timestamp":"2021-11-01T07:56:52.913Z"}
{"level":"error","message":" Something is wrong ","timestamp":"2021-11-01T08:17:25.752Z"}
{"level":"error","message":" Something is wrong ","timestamp":"2021-11-01T08:21:42.982Z"}
{"level":"error","message":" Something is wrong ","timestamp":"2021-11-01T08:22:03.090Z"}
{"level":"error","message":" Something is wrong ","timestamp":"2021-11-01T08:25:43.934Z"}
{"level":"error","message":" Something is wrong ","timestamp":"2021-11-01T08:28:46.034Z"}
{"level":"error","message":" Something is wrong ","timestamp":"2021-11-01T08:30:48.953Z"}
{"level":"error","message":" Something is wrong ","timestamp":"2021-11-01T08:31:26.518Z"}
{"level":"error","message":" Something is wrong ","timestamp":"2021-11-01T08:31:32.677Z"}
{"level":"error","message":" Something is wrong ","timestamp":"2021-11-01T09:01:46.227Z"}
{"level":"error","message":" Something is wrong ","timestamp":"2021-11-01T09:04:38.624Z"}
{"level":"error","message":" Something is wrong ","timestamp":"2021-11-01T09:09:03.214Z"}
{"level":"error","message":" Something is wrong ","timestamp":"2021-11-01T09:10:19.351Z"}
{"level":"error","message":" Something is wrong ","timestamp":"2021-11-01T09:11:11.753Z"}
{"level":"error","message":" Something is wrong ","timestamp":"2021-11-01T09:11:27.556Z"}
{"level":"error","message":"Find error in model","timestamp":"2021-11-01T09:11:28.370Z"}
{"level":"error","message":"Invalid Details","timestamp":"2021-11-01T09:11:28.472Z"}
{"level":"error","message":"Invalid Details","timestamp":"2021-11-01T09:11:28.555Z"}
{"level":"error","message":"Invalid Details","timestamp":"2021-11-01T09:11:28.633Z"}
{"level":"error","message":"Find error in model","timestamp":"2021-11-01T09:11:28.820Z"}
{"level":"error","message":"Password does not match","timestamp":"2021-11-01T09:11:29.245Z"}
{"level":"error","message":" Something is wrong ","timestamp":"2021-11-01T09:14:47.809Z"}
{"level":"error","message":"Find error in model","timestamp":"2021-11-01T09:14:48.034Z"}
{"level":"error","message":"Invalid Details","timestamp":"2021-11-01T09:14:48.123Z"}
{"level":"error","message":"Invalid Details","timestamp":"2021-11-01T09:14:48.199Z"}
{"level":"error","message":"Invalid Details","timestamp":"2021-11-01T09:14:48.276Z"}
{"level":"error","message":"Find error in model","timestamp":"2021-11-01T09:14:48.467Z"}
{"level":"error","message":"Password does not match","timestamp":"2021-11-01T09:14:48.773Z"}
{"level":"error","message":" Something is wrong ","timestamp":"2021-11-01T10:57:32.697Z"}
{"level":"error","message":" Something is wrong ","timestamp":"2021-11-01T10:58:56.570Z"}
{"level":"error","message":" Something is wrong ","timestamp":"2021-11-01T10:59:55.683Z"}
{"level":"error","message":" Something is wrong ","timestamp":"2021-11-01T11:01:57.520Z"}
{"level":"error","message":" Something is wrong ","timestamp":"2021-11-01T11:09:12.090Z"}
{"level":"error","message":" Something is wrong ","timestamp":"2021-11-01T11:09:46.420Z"}
{"level":"error","message":" Something is wrong ","timestamp":"2021-11-01T11:31:24.660Z"}
{"level":"error","message":" Something is wrong ","timestamp":"2021-11-01T11:33:30.593Z"}
{"level":"error","message":" Something is wrong ","timestamp":"2021-11-01T11:37:31.040Z"}
{"level":"error","message":" Something is wrong ","timestamp":"2021-11-01T11:37:53.696Z"}
{"level":"error","message":" Something is wrong ","timestamp":"2021-11-01T11:38:16.264Z"}
{"level":"error","message":" Something is wrong ","timestamp":"2021-11-01T11:38:34.699Z"}
{"level":"error","message":" Something is wrong ","timestamp":"2021-11-01T11:41:54.954Z"}
{"level":"error","message":" Something is wrong ","timestamp":"2021-11-01T11:46:31.760Z"}
{"level":"error","message":" Something is wrong ","timestamp":"2021-11-01T11:46:43.931Z"}
{"level":"error","message":" Something is wrong ","timestamp":"2021-11-01T11:47:08.037Z"}
{"level":"error","message":" Something is wrong ","timestamp":"2021-11-01T12:02:48.467Z"}
{"level":"error","message":" Something is wrong ","timestamp":"2021-11-01T12:03:16.166Z"}
{"level":"error","message":" Something is wrong ","timestamp":"2021-11-01T12:03:20.608Z"}
{"level":"error","message":" Something is wrong ","timestamp":"2021-11-01T12:04:15.764Z"}
{"level":"error","message":" Something is wrong ","timestamp":"2021-11-01T12:07:17.461Z"}
{"level":"error","message":" Something is wrong ","timestamp":"2021-11-01T12:09:10.466Z"}
{"level":"error","message":" Something is wrong ","timestamp":"2021-11-01T12:11:12.540Z"}
{"level":"error","message":" Something is wrong ","timestamp":"2021-11-01T17:21:59.494Z"}
{"level":"error","message":" Something is wrong ","timestamp":"2021-11-01T17:22:59.158Z"}
{"level":"error","message":" Something is wrong ","timestamp":"2021-11-01T17:33:03.378Z"}
{"level":"error","message":" Something is wrong ","timestamp":"2021-11-02T02:30:56.320Z"}
{"level":"error","message":" Something is wrong ","timestamp":"2021-11-02T03:13:56.662Z"}
{"level":"error","message":" Something is wrong ","timestamp":"2021-11-02T05:00:13.021Z"}
{"level":"error","message":" Something is wrong ","timestamp":"2021-11-02T05:12:16.186Z"}
{"level":"error","message":" Something is wrong ","timestamp":"2021-11-02T05:18:16.173Z"}
{"level":"error","message":" Something is wrong ","timestamp":"2021-11-02T05:37:58.848Z"}
{"level":"error","message":" Something is wrong ","timestamp":"2021-11-02T09:12:38.225Z"}
{"level":"error","message":" Something is wrong ","timestamp":"2021-11-02T09:50:26.716Z"}
{"level":"error","message":" Something is wrong ","timestamp":"2021-11-02T09:50:34.093Z"}
{"level":"error","message":" Something is wrong ","timestamp":"2021-11-02T09:50:51.352Z"}
{"level":"error","message":" Something is wrong ","timestamp":"2021-11-02T09:50:59.029Z"}
{"level":"error","message":" Something is wrong ","timestamp":"2021-11-02T09:54:03.471Z"}
{"level":"error","message":" Something is wrong ","timestamp":"2021-11-02T10:11:31.715Z"}
{"level":"error","message":" Something is wrong ","timestamp":"2021-11-02T10:12:35.810Z"}
{"level":"error","message":" Something is wrong ","timestamp":"2021-11-02T10:12:51.825Z"}
{"level":"error","message":" Something is wrong ","timestamp":"2021-11-02T10:13:34.402Z"}
{"level":"error","message":" Something is wrong ","timestamp":"2021-11-02T10:13:44.014Z"}
{"level":"error","message":" Something is wrong ","timestamp":"2021-11-02T11:07:44.494Z"}
{"level":"error","message":" Something is wrong ","timestamp":"2021-11-02T11:32:21.473Z"}
{"level":"error","message":" Something is wrong ","timestamp":"2021-11-02T11:34:58.992Z"}
{"level":"error","message":" Something is wrong ","timestamp":"2021-11-04T03:42:14.290Z"}
{"level":"error","message":" Something is wrong ","timestamp":"2021-11-04T03:56:41.597Z"}
{"level":"error","message":" Something is wrong ","timestamp":"2021-11-04T03:59:17.954Z"}
{"level":"error","message":" Something is wrong ","timestamp":"2021-11-04T03:59:38.406Z"}
{"level":"error","message":" Something is wrong ","timestamp":"2021-11-04T04:07:34.324Z"}
{"level":"error","message":" Something is wrong ","timestamp":"2021-11-04T04:12:51.741Z"}
{"level":"error","message":" Something is wrong ","timestamp":"2021-11-04T04:14:43.916Z"}
{"level":"error","message":" Something is wrong ","timestamp":"2021-11-04T04:39:15.342Z"}
{"level":"error","message":" Something is wrong ","timestamp":"2021-11-04T04:39:46.049Z"}
{"level":"error","message":" Something is wrong ","timestamp":"2021-11-04T09:54:11.894Z"}
{"level":"error","message":" Something is wrong ","timestamp":"2021-11-04T09:55:28.682Z"}
{"level":"error","message":" Something is wrong ","timestamp":"2021-11-05T03:53:43.390Z"}
{"level":"error","message":" Something is wrong ","timestamp":"2021-11-05T03:58:47.821Z"}
{"level":"error","message":" Something is wrong ","timestamp":"2021-11-05T03:59:33.408Z"}
{"level":"error","message":" Something is wrong ","timestamp":"2021-11-05T04:11:29.365Z"}
{"level":"error","message":" Something is wrong ","timestamp":"2021-11-05T06:08:17.116Z"}
{"level":"error","message":" Something is wrong ","timestamp":"2021-11-05T06:09:58.988Z"}
{"level":"error","message":" Something is wrong ","timestamp":"2021-11-05T08:25:39.819Z"}
{"level":"error","message":" Something is wrong ","timestamp":"2021-11-05T08:33:20.801Z"}
{"level":"error","message":" Something is wrong ","timestamp":"2021-11-05T09:05:59.253Z"}
{"level":"error","message":" Something is wrong ","timestamp":"2021-11-05T09:06:32.183Z"}
{"level":"error","message":" Something is wrong ","timestamp":"2021-11-05T09:08:46.534Z"}
{"level":"error","message":" Something is wrong ","timestamp":"2021-11-05T09:09:31.289Z"}
{"level":"error","message":" Something is wrong ","timestamp":"2021-11-05T09:10:19.427Z"}
{"level":"error","message":" Something is wrong ","timestamp":"2021-11-05T09:13:48.824Z"}
{"level":"error","message":" Something is wrong ","timestamp":"2021-11-05T09:42:39.674Z"}
{"level":"error","message":" Something is wrong ","timestamp":"2021-11-05T11:24:22.452Z"}
{"level":"error","message":" Something is wrong ","timestamp":"2021-11-05T11:33:39.802Z"}
{"level":"error","message":" Something is wrong ","timestamp":"2021-11-05T11:34:10.472Z"}
{"level":"error","message":" Something is wrong ","timestamp":"2021-11-05T11:35:10.322Z"}
{"level":"error","message":" Something is wrong ","timestamp":"2021-11-05T11:38:26.909Z"}
{"level":"error","message":" Something is wrong ","timestamp":"2021-11-05T11:43:44.012Z"}
{"level":"error","message":" Something is wrong ","timestamp":"2021-11-05T11:45:39.357Z"}
{"level":"error","message":" Something is wrong ","timestamp":"2021-11-05T11:45:43.867Z"}
{"level":"error","message":" Something is wrong ","timestamp":"2021-11-05T11:46:26.003Z"}
{"level":"error","message":" Something is wrong ","timestamp":"2021-11-05T11:46:45.497Z"}
{"level":"error","message":" Something is wrong ","timestamp":"2021-11-05T11:47:40.594Z"}
{"level":"error","message":" Something is wrong ","timestamp":"2021-11-05T11:47:44.840Z"}
{"level":"error","message":" Something is wrong ","timestamp":"2021-11-05T11:48:11.090Z"}
{"level":"error","message":" Something is wrong ","timestamp":"2021-11-05T11:50:24.681Z"}
{"level":"error","message":" Something is wrong ","timestamp":"2021-11-05T11:50:48.580Z"}
{"level":"error","message":" Something is wrong ","timestamp":"2021-11-05T11:51:53.476Z"}
{"level":"error","message":" Something is wrong ","timestamp":"2021-11-07T03:18:16.546Z"}
{"level":"error","message":" Something is wrong ","timestamp":"2021-11-07T03:19:53.669Z"}
{"level":"error","message":" Something is wrong ","timestamp":"2021-11-07T03:26:23.516Z"}
{"level":"error","message":" Something is wrong ","timestamp":"2021-11-07T03:31:31.431Z"}
{"level":"error","message":" Something is wrong ","timestamp":"2021-11-07T03:31:58.393Z"}
{"level":"error","message":" Something is wrong ","timestamp":"2021-11-07T03:34:08.624Z"}
{"level":"error","message":" Something is wrong ","timestamp":"2021-11-07T03:34:40.479Z"}
{"level":"error","message":" Something is wrong ","timestamp":"2021-11-07T03:51:50.518Z"}
{"level":"error","message":" Something is wrong ","timestamp":"2021-11-07T03:53:37.555Z"}
{"level":"error","message":" Something is wrong ","timestamp":"2021-11-07T03:53:44.319Z"}
{"level":"error","message":" Something is wrong ","timestamp":"2021-11-07T03:54:11.785Z"}
{"level":"error","message":" Something is wrong ","timestamp":"2021-11-07T03:54:19.049Z"}
{"level":"error","message":"email id is not exist","timestamp":"2021-11-07T03:55:01.358Z"}
{"level":"error","message":" Something is wrong ","timestamp":"2021-11-07T03:56:40.478Z"}
{"level":"error","message":" Something is wrong ","timestamp":"2021-11-07T04:22:18.323Z"}
{"level":"error","message":" Something is wrong ","timestamp":"2021-11-07T04:25:40.269Z"}
{"level":"error","message":" Something is wrong ","timestamp":"2021-11-07T04:58:15.550Z"}
{"level":"error","message":" Something is wrong ","timestamp":"2021-11-07T04:59:15.243Z"}
{"level":"error","message":" Something is wrong ","timestamp":"2021-11-07T05:04:29.059Z"}
{"level":"error","message":" Something is wrong ","timestamp":"2021-11-07T05:06:16.682Z"}
{"level":"error","message":" Something is wrong ","timestamp":"2021-11-07T05:31:01.926Z"}
{"level":"error","message":" Something is wrong ","timestamp":"2021-11-07T05:31:10.953Z"}
{"level":"error","message":" Something is wrong ","timestamp":"2021-11-07T05:31:25.784Z"}
{"level":"error","message":" Something is wrong ","timestamp":"2021-11-07T05:32:10.386Z"}
{"level":"error","message":" Something is wrong ","timestamp":"2021-11-07T05:35:28.872Z"}
{"level":"error","message":" Something is wrong ","timestamp":"2021-11-07T05:37:57.361Z"}
{"level":"error","message":"Internal server error","timestamp":"2021-11-07T05:38:11.556Z"}
{"level":"error","message":" Something is wrong ","timestamp":"2021-11-07T05:38:22.431Z"}
{"level":"error","message":" Something is wrong ","timestamp":"2021-11-07T06:22:33.715Z"}
{"level":"error","message":" Something is wrong ","timestamp":"2021-11-07T07:01:55.935Z"}
{"level":"error","message":" Something is wrong ","timestamp":"2021-11-07T07:03:50.558Z"}
{"level":"error","message":" Something is wrong ","timestamp":"2021-11-07T07:04:24.748Z"}
{"level":"error","message":" Something is wrong ","timestamp":"2021-11-07T07:04:57.503Z"}
{"level":"error","message":" Something is wrong ","timestamp":"2021-11-07T07:05:16.143Z"}
{"level":"error","message":" Something is wrong ","timestamp":"2021-11-07T07:08:09.261Z"}
{"level":"error","message":" Something is wrong ","timestamp":"2021-11-07T07:08:19.229Z"}
{"level":"error","message":"email id is not exist","timestamp":"2021-11-07T07:09:04.098Z"}
{"level":"error","message":" Something is wrong ","timestamp":"2021-11-07T07:10:02.863Z"}
{"level":"error","message":"email id is not exist","timestamp":"2021-11-07T07:10:06.458Z"}
{"level":"error","message":" Something is wrong ","timestamp":"2021-11-07T07:17:47.211Z"}
{"level":"error","message":" Something is wrong ","timestamp":"2021-11-07T07:59:02.122Z"}
{"level":"error","message":" Something is wrong ","timestamp":"2021-11-07T08:04:55.336Z"}
{"level":"error","message":" Something is wrong ","timestamp":"2021-11-07T08:24:03.669Z"}
{"level":"error","message":" Something is wrong ","timestamp":"2021-11-07T11:06:38.684Z"}
{"level":"error","message":" Something is wrong ","timestamp":"2021-11-07T11:33:26.410Z"}
{"level":"error","message":" Something is wrong ","timestamp":"2021-11-07T11:35:03.874Z"}
{"level":"error","message":" Something is wrong ","timestamp":"2021-11-07T11:43:10.201Z"}
{"level":"error","message":" Something is wrong ","timestamp":"2021-11-07T11:43:43.829Z"}
{"level":"error","message":" Something is wrong ","timestamp":"2021-11-07T12:16:29.064Z"}
{"level":"error","message":" Something is wrong ","timestamp":"2021-11-07T12:19:51.737Z"}
{"level":"error","message":" Something is wrong ","timestamp":"2021-11-07T12:20:27.900Z"}
{"level":"error","message":" Something is wrong ","timestamp":"2021-11-07T12:21:15.824Z"}
{"level":"error","message":" Something is wrong ","timestamp":"2021-11-07T12:22:11.054Z"}
{"level":"error","message":" Something is wrong ","timestamp":"2021-11-07T16:15:46.661Z"}
{"level":"error","message":" Something is wrong ","timestamp":"2021-11-07T16:28:01.866Z"}
{"level":"error","message":" Something is wrong ","timestamp":"2021-11-08T01:57:13.563Z"}
{"level":"error","message":" Something is wrong ","timestamp":"2021-11-08T02:07:57.984Z"}
{"level":"error","message":" Something is wrong ","timestamp":"2021-11-08T02:12:56.768Z"}
{"level":"error","message":" Something is wrong ","timestamp":"2021-11-08T02:27:35.926Z"}
{"level":"error","message":" Something is wrong ","timestamp":"2021-11-08T02:29:28.608Z"}
{"level":"error","message":" Something is wrong ","timestamp":"2021-11-08T02:33:48.984Z"}
{"level":"error","message":" Something is wrong ","timestamp":"2021-11-08T02:42:44.709Z"}
{"level":"error","message":" Something is wrong ","timestamp":"2021-11-08T02:44:25.904Z"}
{"level":"error","message":" Something is wrong ","timestamp":"2021-11-08T02:55:23.274Z"}
{"level":"error","message":" Something is wrong ","timestamp":"2021-11-08T03:09:48.259Z"}
{"level":"error","message":" Something is wrong ","timestamp":"2021-11-08T03:17:33.747Z"}
{"level":"error","message":" Something is wrong ","timestamp":"2021-11-08T03:35:10.823Z"}
{"level":"error","message":" Something is wrong ","timestamp":"2021-11-08T03:53:03.907Z"}
{"level":"error","message":" Something is wrong ","timestamp":"2021-11-08T03:59:34.379Z"}
{"level":"error","message":" Something is wrong ","timestamp":"2021-11-08T04:06:52.898Z"}
{"level":"error","message":"Find error in model","timestamp":"2021-11-08T04:06:54.334Z"}
{"level":"error","message":"Invalid Details","timestamp":"2021-11-08T04:06:54.858Z"}
{"level":"error","message":"Invalid Details","timestamp":"2021-11-08T04:06:54.988Z"}
{"level":"error","message":"Invalid Details","timestamp":"2021-11-08T04:06:55.086Z"}
{"level":"error","message":"Find error in model","timestamp":"2021-11-08T04:06:55.476Z"}
{"level":"error","message":"Password does not match","timestamp":"2021-11-08T04:06:56.213Z"}
{"level":"error","message":" Something is wrong ","timestamp":"2021-11-08T04:22:15.931Z"}
{"level":"error","message":"email id is not exist","timestamp":"2021-11-08T04:23:05.753Z"}
{"level":"error","message":" Something is wrong ","timestamp":"2021-11-08T04:28:24.042Z"}
{"level":"error","message":"email id is not exist","timestamp":"2021-11-08T04:28:38.174Z"}
{"level":"error","message":" Something is wrong ","timestamp":"2021-11-08T04:29:15.953Z"}
{"level":"error","message":" Something is wrong ","timestamp":"2021-11-08T04:29:52.760Z"}
{"level":"error","message":" Something is wrong ","timestamp":"2021-11-08T04:30:39.532Z"}
{"level":"error","message":" Something is wrong ","timestamp":"2021-11-08T04:30:48.091Z"}
{"level":"error","message":" Something is wrong ","timestamp":"2021-11-08T04:58:38.782Z"}
{"level":"error","message":" Something is wrong ","timestamp":"2021-11-08T05:00:41.658Z"}
{"level":"error","message":" Something is wrong ","timestamp":"2021-11-08T05:01:18.473Z"}
{"level":"error","message":" Something is wrong ","timestamp":"2021-11-08T05:01:37.483Z"}
{"level":"error","message":" Something is wrong ","timestamp":"2021-11-08T05:02:59.281Z"}
{"level":"error","message":" Something is wrong ","timestamp":"2021-11-08T05:03:19.587Z"}
{"level":"error","message":" Something is wrong ","timestamp":"2021-11-08T05:05:28.524Z"}
{"level":"error","message":" Something is wrong ","timestamp":"2021-11-08T05:25:55.664Z"}
{"level":"error","message":" Something is wrong ","timestamp":"2021-11-08T05:35:53.715Z"}
{"level":"error","message":" Something is wrong ","timestamp":"2021-11-08T06:55:40.096Z"}
{"level":"error","message":" Something is wrong ","timestamp":"2021-11-08T08:06:34.899Z"}
{"level":"error","message":" Something is wrong ","timestamp":"2021-11-08T09:59:34.298Z"}
{"level":"error","message":" Something is wrong ","timestamp":"2021-11-08T10:02:09.856Z"}
{"level":"error","message":" Something is wrong ","timestamp":"2021-11-08T10:02:23.959Z"}
{"level":"error","message":" Something is wrong ","timestamp":"2021-11-08T10:05:53.063Z"}
{"level":"error","message":" Something is wrong ","timestamp":"2021-11-08T10:07:17.263Z"}
{"level":"error","message":" Something is wrong ","timestamp":"2021-11-08T10:07:45.693Z"}
{"level":"error","message":" Something is wrong ","timestamp":"2021-11-08T10:24:11.981Z"}
{"level":"error","message":" Something is wrong ","timestamp":"2021-11-08T10:31:50.951Z"}
{"level":"error","message":" Something is wrong ","timestamp":"2021-11-08T10:32:31.210Z"}
{"level":"error","message":" Something is wrong ","timestamp":"2021-11-08T10:33:41.921Z"}
{"level":"error","message":" Something is wrong ","timestamp":"2021-11-08T10:33:56.043Z"}
{"level":"error","message":" Something is wrong ","timestamp":"2021-11-08T10:35:35.604Z"}
{"level":"error","message":" Something is wrong ","timestamp":"2021-11-08T10:35:47.581Z"}
{"level":"error","message":" Something is wrong ","timestamp":"2021-11-08T10:36:28.876Z"}
{"level":"error","message":" Something is wrong ","timestamp":"2021-11-08T10:37:05.988Z"}
{"level":"error","message":" Something is wrong ","timestamp":"2021-11-08T10:41:14.376Z"}
{"level":"error","message":" Something is wrong ","timestamp":"2021-11-08T10:41:40.974Z"}
{"level":"error","message":" Something is wrong ","timestamp":"2021-11-08T10:48:06.329Z"}
{"level":"error","message":" Something is wrong ","timestamp":"2021-11-08T10:48:39.834Z"}
{"level":"error","message":" Something is wrong ","timestamp":"2021-11-08T10:50:01.628Z"}
{"level":"error","message":" Something is wrong ","timestamp":"2021-11-08T11:00:18.066Z"}
{"level":"error","message":" Something is wrong ","timestamp":"2021-11-08T11:00:56.723Z"}
{"level":"error","message":" Something is wrong ","timestamp":"2021-11-08T11:02:14.086Z"}
{"level":"error","message":" Something is wrong ","timestamp":"2021-11-08T11:05:04.082Z"}
{"level":"error","message":" Something is wrong ","timestamp":"2021-11-08T11:06:03.578Z"}
{"level":"error","message":" Something is wrong ","timestamp":"2021-11-08T11:06:54.061Z"}
{"level":"error","message":" Something is wrong ","timestamp":"2021-11-08T11:08:48.976Z"}
{"level":"error","message":" Something is wrong ","timestamp":"2021-11-08T11:09:41.224Z"}
{"level":"error","message":" Something is wrong ","timestamp":"2021-11-08T11:10:04.927Z"}
{"level":"error","message":" Something is wrong ","timestamp":"2021-11-08T12:05:53.484Z"}
{"level":"error","message":" Something is wrong ","timestamp":"2021-11-08T12:06:12.814Z"}
{"level":"error","message":" Something is wrong ","timestamp":"2021-11-08T12:06:36.882Z"}
{"level":"error","message":" Something is wrong ","timestamp":"2021-11-08T13:03:46.383Z"}
{"level":"error","message":" Something is wrong ","timestamp":"2021-11-08T13:05:15.914Z"}
{"level":"error","message":" Something is wrong ","timestamp":"2021-11-08T13:54:48.596Z"}
{"level":"error","message":" Something is wrong ","timestamp":"2021-11-08T17:06:00.300Z"}
{"level":"error","message":" Something is wrong ","timestamp":"2021-11-08T17:06:25.673Z"}
{"level":"error","message":" Something is wrong ","timestamp":"2021-11-08T17:08:24.635Z"}
{"level":"error","message":" Something is wrong ","timestamp":"2021-11-08T17:09:56.916Z"}
{"level":"error","message":" Something is wrong ","timestamp":"2021-11-08T17:11:47.234Z"}
{"level":"error","message":" Something is wrong ","timestamp":"2021-11-08T17:14:29.964Z"}
{"level":"error","message":" Something is wrong ","timestamp":"2021-11-08T17:14:55.739Z"}
{"level":"error","message":" Something is wrong ","timestamp":"2021-11-08T17:15:51.631Z"}
{"level":"error","message":" Something is wrong ","timestamp":"2021-11-08T17:17:12.632Z"}
{"level":"error","message":" Something is wrong ","timestamp":"2021-11-08T17:29:10.588Z"}
{"level":"error","message":" Something is wrong ","timestamp":"2021-11-08T17:30:02.186Z"}
{"level":"error","message":" Something is wrong ","timestamp":"2021-11-08T17:30:18.732Z"}
{"level":"error","message":" Something is wrong ","timestamp":"2021-11-08T17:31:03.207Z"}
{"level":"error","message":" Something is wrong ","timestamp":"2021-11-08T17:32:25.286Z"}
{"level":"error","message":" Something is wrong ","timestamp":"2021-11-08T17:32:53.616Z"}
{"level":"error","message":" Something is wrong ","timestamp":"2021-11-08T17:33:02.965Z"}
{"level":"error","message":" Something is wrong ","timestamp":"2021-11-08T17:33:22.344Z"}
{"level":"error","message":" Something is wrong ","timestamp":"2021-11-08T17:37:04.758Z"}
{"level":"error","message":" Something is wrong ","timestamp":"2021-11-08T17:54:33.819Z"}
{"level":"error","message":" Something is wrong ","timestamp":"2021-11-08T17:59:57.216Z"}
{"level":"error","message":" Something is wrong ","timestamp":"2021-11-08T18:04:47.083Z"}
{"level":"error","message":" Something is wrong ","timestamp":"2021-11-08T18:08:33.920Z"}
{"level":"error","message":" Something is wrong ","timestamp":"2021-11-08T18:08:36.241Z"}
{"level":"error","message":" Something is wrong ","timestamp":"2021-11-09T01:57:18.544Z"}
{"level":"error","message":" Something is wrong ","timestamp":"2021-11-09T02:09:42.019Z"}
{"level":"error","message":" Something is wrong ","timestamp":"2021-11-09T02:10:59.704Z"}
{"level":"error","message":" Something is wrong ","timestamp":"2021-11-09T02:31:21.536Z"}
{"level":"error","message":" Something is wrong ","timestamp":"2021-11-09T02:34:41.993Z"}
{"level":"error","message":" Something is wrong ","timestamp":"2021-11-09T02:36:21.325Z"}
{"level":"error","message":" Something is wrong ","timestamp":"2021-11-09T02:42:16.193Z"}
{"level":"error","message":" Something is wrong ","timestamp":"2021-11-09T02:43:29.061Z"}
{"level":"error","message":" Something is wrong ","timestamp":"2021-11-09T02:44:57.678Z"}
{"level":"error","message":" Something is wrong ","timestamp":"2021-11-09T02:45:12.519Z"}
{"level":"error","message":" Something is wrong ","timestamp":"2021-11-09T02:46:00.455Z"}
{"level":"error","message":" Something is wrong ","timestamp":"2021-11-09T02:59:53.542Z"}
{"level":"error","message":" Something is wrong ","timestamp":"2021-11-09T03:00:02.312Z"}
{"level":"error","message":" Something is wrong ","timestamp":"2021-11-09T03:01:00.136Z"}
{"level":"error","message":" Something is wrong ","timestamp":"2021-11-09T03:09:08.392Z"}
{"level":"error","message":" Something is wrong ","timestamp":"2021-11-09T03:10:33.597Z"}
{"level":"error","message":" Something is wrong ","timestamp":"2021-11-09T03:14:24.400Z"}
{"level":"error","message":" Something is wrong ","timestamp":"2021-11-09T03:21:19.251Z"}
{"level":"error","message":" Something is wrong ","timestamp":"2021-11-09T03:21:33.430Z"}
{"level":"error","message":" Something is wrong ","timestamp":"2021-11-09T03:21:48.910Z"}
{"level":"error","message":" Something is wrong ","timestamp":"2021-11-09T03:23:38.131Z"}
{"level":"error","message":" Something is wrong ","timestamp":"2021-11-09T03:35:50.968Z"}
{"level":"error","message":" Something is wrong ","timestamp":"2021-11-09T03:36:08.561Z"}
{"level":"error","message":" Something is wrong ","timestamp":"2021-11-09T03:37:54.502Z"}
{"level":"error","message":" Something is wrong ","timestamp":"2021-11-09T03:40:35.450Z"}
{"level":"error","message":" Something is wrong ","timestamp":"2021-11-09T03:52:22.777Z"}
{"level":"error","message":" Something is wrong ","timestamp":"2021-11-09T03:54:13.040Z"}
{"level":"error","message":" Something is wrong ","timestamp":"2021-11-09T03:54:29.646Z"}
{"level":"error","message":" Something is wrong ","timestamp":"2021-11-09T03:59:24.777Z"}
{"level":"error","message":" Something is wrong ","timestamp":"2021-11-09T04:00:17.392Z"}
{"level":"error","message":" Something is wrong ","timestamp":"2021-11-09T04:04:45.437Z"}
{"level":"error","message":" Something is wrong ","timestamp":"2021-11-09T04:04:56.513Z"}
{"level":"error","message":" Something is wrong ","timestamp":"2021-11-09T04:24:14.523Z"}
{"level":"error","message":" Something is wrong ","timestamp":"2021-11-09T04:25:30.903Z"}
{"level":"error","message":" Something is wrong ","timestamp":"2021-11-09T04:42:08.893Z"}
{"level":"error","message":" Something is wrong ","timestamp":"2021-11-09T04:42:57.511Z"}
{"level":"error","message":" Something is wrong ","timestamp":"2021-11-09T04:48:03.143Z"}
{"level":"error","message":" Something is wrong ","timestamp":"2021-11-09T04:49:42.525Z"}
{"level":"error","message":" Something is wrong ","timestamp":"2021-11-09T04:52:31.931Z"}
{"level":"error","message":" Something is wrong ","timestamp":"2021-11-09T04:55:27.840Z"}
{"level":"error","message":" Something is wrong ","timestamp":"2021-11-09T05:00:14.520Z"}
{"level":"error","message":" Something is wrong ","timestamp":"2021-11-09T05:08:31.505Z"}
{"level":"error","message":" Something is wrong ","timestamp":"2021-11-09T05:08:48.241Z"}
{"level":"error","message":" Something is wrong ","timestamp":"2021-11-09T05:17:42.625Z"}
{"level":"error","message":" Something is wrong ","timestamp":"2021-11-09T05:19:09.653Z"}
{"level":"error","message":" Something is wrong ","timestamp":"2021-11-09T05:19:39.573Z"}
{"level":"error","message":" Something is wrong ","timestamp":"2021-11-09T05:25:10.730Z"}
{"level":"error","message":" Something is wrong ","timestamp":"2021-11-09T05:28:58.558Z"}
{"level":"error","message":" Something is wrong ","timestamp":"2021-11-09T05:43:40.568Z"}
{"level":"error","message":" Something is wrong ","timestamp":"2021-11-09T05:54:59.976Z"}
{"level":"error","message":" Something is wrong ","timestamp":"2021-11-09T05:59:41.595Z"}
{"level":"error","message":" Something is wrong ","timestamp":"2021-11-09T05:59:52.163Z"}
{"level":"error","message":" Something is wrong ","timestamp":"2021-11-09T06:01:17.046Z"}
{"level":"error","message":" Something is wrong ","timestamp":"2021-11-09T06:58:20.364Z"}
{"level":"error","message":" Something is wrong ","timestamp":"2021-11-09T06:59:01.559Z"}
{"level":"error","message":" Something is wrong ","timestamp":"2021-11-09T07:13:33.401Z"}
{"level":"error","message":" Something is wrong ","timestamp":"2021-11-09T07:13:37.122Z"}
{"level":"error","message":" Something is wrong ","timestamp":"2021-11-09T07:29:38.419Z"}
{"level":"error","message":" Something is wrong ","timestamp":"2021-11-09T07:49:29.305Z"}
{"level":"error","message":" Something is wrong ","timestamp":"2021-11-09T07:52:10.517Z"}
{"level":"error","message":" Something is wrong ","timestamp":"2021-11-09T07:57:02.304Z"}
{"level":"error","message":" Something is wrong ","timestamp":"2021-11-09T07:59:02.187Z"}
{"level":"error","message":" Something is wrong ","timestamp":"2021-11-09T08:01:27.846Z"}
{"level":"error","message":" Something is wrong ","timestamp":"2021-11-09T08:01:42.387Z"}
{"level":"error","message":" Something is wrong ","timestamp":"2021-11-09T08:02:25.570Z"}
{"level":"error","message":" Something is wrong ","timestamp":"2021-11-09T08:03:11.500Z"}
{"level":"error","message":" Something is wrong ","timestamp":"2021-11-09T08:28:34.267Z"}
{"level":"error","message":" Something is wrong ","timestamp":"2021-11-09T08:36:29.611Z"}
{"level":"error","message":" Something is wrong ","timestamp":"2021-11-09T08:36:52.335Z"}
{"level":"error","message":" Something is wrong ","timestamp":"2021-11-09T08:42:48.245Z"}
{"level":"error","message":" Something is wrong ","timestamp":"2021-11-09T08:43:05.812Z"}
{"level":"error","message":" Something is wrong ","timestamp":"2021-11-09T09:11:34.565Z"}
{"level":"error","message":" Something is wrong ","timestamp":"2021-11-09T09:20:47.263Z"}
{"level":"error","message":" Something is wrong ","timestamp":"2021-11-09T09:21:05.699Z"}
{"level":"error","message":" Something is wrong ","timestamp":"2021-11-09T09:22:11.684Z"}
{"level":"error","message":" Something is wrong ","timestamp":"2021-11-09T09:23:03.187Z"}
{"level":"error","message":" Something is wrong ","timestamp":"2021-11-09T10:57:13.665Z"}
{"level":"error","message":" Something is wrong ","timestamp":"2021-11-09T10:59:38.909Z"}
{"level":"error","message":" Something is wrong ","timestamp":"2021-11-09T11:26:50.400Z"}
{"level":"error","message":" Something is wrong ","timestamp":"2021-11-09T11:27:02.350Z"}
{"level":"error","message":" Something is wrong ","timestamp":"2021-11-09T11:33:39.600Z"}
{"level":"error","message":" Something is wrong ","timestamp":"2021-11-09T11:34:31.342Z"}
{"level":"error","message":" Something is wrong ","timestamp":"2021-11-09T11:34:43.375Z"}
{"level":"error","message":" Something is wrong ","timestamp":"2021-11-09T11:36:06.201Z"}
{"level":"error","message":" Something is wrong ","timestamp":"2021-11-09T12:03:44.694Z"}
{"level":"error","message":" Something is wrong ","timestamp":"2021-11-09T12:03:52.152Z"}
{"level":"error","message":" Something is wrong ","timestamp":"2021-11-09T12:05:14.771Z"}
{"level":"error","message":" Something is wrong ","timestamp":"2021-11-09T12:06:19.591Z"}
{"level":"error","message":" Something is wrong ","timestamp":"2021-11-09T12:11:20.702Z"}
{"level":"error","message":" Something is wrong ","timestamp":"2021-11-09T12:17:09.269Z"}
{"level":"error","message":" Something is wrong ","timestamp":"2021-11-09T12:17:36.810Z"}
{"level":"error","message":" Something is wrong ","timestamp":"2021-11-09T12:21:20.227Z"}
{"level":"error","message":" Something is wrong ","timestamp":"2021-11-09T12:23:47.258Z"}
{"level":"error","message":" Something is wrong ","timestamp":"2021-11-09T12:29:52.765Z"}
{"level":"error","message":"Find error in model","timestamp":"2021-11-09T12:29:54.005Z"}
{"level":"error","message":"Invalid Details","timestamp":"2021-11-09T12:29:54.122Z"}
{"level":"error","message":"Invalid Details","timestamp":"2021-11-09T12:29:54.207Z"}
{"level":"error","message":"Invalid Details","timestamp":"2021-11-09T12:29:54.290Z"}
{"level":"error","message":"Find error in model","timestamp":"2021-11-09T12:29:54.456Z"}
{"level":"error","message":"Password does not match","timestamp":"2021-11-09T12:29:55.112Z"}
{"level":"error","message":" Something is wrong ","timestamp":"2021-11-09T12:33:01.773Z"}
{"level":"error","message":" Something is wrong ","timestamp":"2021-11-09T12:48:09.671Z"}
{"level":"error","message":" Something is wrong ","timestamp":"2021-11-09T13:01:49.757Z"}
{"level":"error","message":" Something is wrong ","timestamp":"2021-11-09T15:40:15.872Z"}
{"level":"error","message":" Something is wrong ","timestamp":"2021-11-09T15:42:04.901Z"}
{"level":"error","message":" Something is wrong ","timestamp":"2021-11-09T15:45:21.133Z"}
{"level":"error","message":" Something is wrong ","timestamp":"2021-11-09T15:51:12.578Z"}
{"level":"error","message":" Something is wrong ","timestamp":"2021-11-09T15:55:03.094Z"}
{"level":"error","message":" Something is wrong ","timestamp":"2021-11-09T15:59:51.153Z"}
{"level":"error","message":" Something is wrong ","timestamp":"2021-11-10T01:49:28.278Z"}
{"level":"error","message":" Something is wrong ","timestamp":"2021-11-10T01:50:13.605Z"}
{"level":"error","message":" Something is wrong ","timestamp":"2021-11-10T02:05:14.976Z"}
{"level":"error","message":" Something is wrong ","timestamp":"2021-11-10T02:07:29.863Z"}
{"level":"error","message":" Something is wrong ","timestamp":"2021-11-10T02:09:15.501Z"}
{"level":"error","message":" Something is wrong ","timestamp":"2021-11-10T02:18:49.039Z"}
{"level":"error","message":" Something is wrong ","timestamp":"2021-11-10T04:22:42.294Z"}
{"level":"error","message":" Something is wrong ","timestamp":"2021-11-10T04:23:53.166Z"}
{"level":"error","message":" Something is wrong ","timestamp":"2021-11-10T04:27:57.811Z"}
{"level":"error","message":" Something is wrong ","timestamp":"2021-11-10T04:29:31.588Z"}
{"level":"error","message":" Something is wrong ","timestamp":"2021-11-10T04:56:28.128Z"}
{"level":"error","message":" Something is wrong ","timestamp":"2021-11-10T05:09:33.482Z"}
{"level":"error","message":" Something is wrong ","timestamp":"2021-11-10T05:22:36.433Z"}
{"level":"error","message":" Something is wrong ","timestamp":"2021-11-10T05:32:03.012Z"}
{"level":"error","message":" Something is wrong ","timestamp":"2021-11-10T05:32:53.531Z"}
{"level":"error","message":" Something is wrong ","timestamp":"2021-11-10T05:35:25.483Z"}
{"level":"error","message":" Something is wrong ","timestamp":"2021-11-10T05:40:31.895Z"}
{"level":"error","message":" Something is wrong ","timestamp":"2021-11-10T05:47:45.763Z"}
{"level":"error","message":" Something is wrong ","timestamp":"2021-11-10T05:58:04.420Z"}
{"level":"error","message":" Something is wrong ","timestamp":"2021-11-10T06:10:48.821Z"}
{"level":"error","message":" Something is wrong ","timestamp":"2021-11-10T06:11:20.235Z"}
{"level":"error","message":" Something is wrong ","timestamp":"2021-11-10T06:12:42.257Z"}
{"level":"error","message":" Something is wrong ","timestamp":"2021-11-10T06:13:48.067Z"}
{"level":"error","message":" Something is wrong ","timestamp":"2021-11-10T06:14:12.004Z"}
{"level":"error","message":" Something is wrong ","timestamp":"2021-11-10T06:15:54.148Z"}
{"level":"error","message":" Something is wrong ","timestamp":"2021-11-10T06:16:24.536Z"}
{"level":"error","message":" Something is wrong ","timestamp":"2021-11-10T06:17:12.091Z"}
{"level":"error","message":" Something is wrong ","timestamp":"2021-11-10T06:18:13.359Z"}
{"level":"error","message":" Something is wrong ","timestamp":"2021-11-10T06:18:34.847Z"}
{"level":"error","message":" Something is wrong ","timestamp":"2021-11-10T06:31:34.934Z"}
{"level":"error","message":" Something is wrong ","timestamp":"2021-11-10T06:32:49.877Z"}
{"level":"error","message":" Something is wrong ","timestamp":"2021-11-10T06:37:33.549Z"}
{"level":"error","message":" Something is wrong ","timestamp":"2021-11-10T06:37:49.455Z"}
{"level":"error","message":" Something is wrong ","timestamp":"2021-11-10T06:39:43.211Z"}
{"level":"error","message":" Something is wrong ","timestamp":"2021-11-10T07:59:45.145Z"}
{"level":"error","message":" Something is wrong ","timestamp":"2021-11-10T08:02:46.659Z"}
{"level":"error","message":" Something is wrong ","timestamp":"2021-11-10T08:02:50.608Z"}
{"level":"error","message":" Something is wrong ","timestamp":"2021-11-10T08:02:53.340Z"}
{"level":"error","message":" Something is wrong ","timestamp":"2021-11-10T08:03:10.541Z"}
{"level":"error","message":" Something is wrong ","timestamp":"2021-11-10T08:05:52.705Z"}
{"level":"error","message":" Something is wrong ","timestamp":"2021-11-10T08:08:47.336Z"}
{"level":"error","message":"Invalid password","timestamp":"2021-11-10T08:14:39.955Z"}
{"level":"error","message":"Invalid password","timestamp":"2021-11-10T08:15:03.781Z"}
{"level":"error","message":"Invalid password","timestamp":"2021-11-10T08:15:11.396Z"}
{"level":"error","message":" Something is wrong ","timestamp":"2021-11-10T08:15:21.166Z"}
{"level":"error","message":"Invalid password","timestamp":"2021-11-10T08:15:30.173Z"}
{"level":"error","message":"Invalid password","timestamp":"2021-11-10T08:16:09.152Z"}
{"level":"error","message":" Something is wrong ","timestamp":"2021-11-10T08:18:52.766Z"}
{"level":"error","message":" Something is wrong ","timestamp":"2021-11-10T08:21:59.265Z"}
{"level":"error","message":" Something is wrong ","timestamp":"2021-11-10T08:27:38.793Z"}
{"level":"error","message":" Something is wrong ","timestamp":"2021-11-10T08:27:55.465Z"}
{"level":"error","message":"Invalid password","timestamp":"2021-11-10T08:28:07.058Z"}
{"level":"error","message":"Invalid password","timestamp":"2021-11-10T08:29:23.382Z"}
{"level":"error","message":" Something is wrong ","timestamp":"2021-11-10T08:30:04.263Z"}
{"level":"error","message":" Something is wrong ","timestamp":"2021-11-10T08:30:08.658Z"}
{"level":"error","message":"Invalid password","timestamp":"2021-11-10T08:30:35.183Z"}
{"level":"error","message":"Invalid password","timestamp":"2021-11-10T08:30:57.050Z"}
{"level":"error","message":" Something is wrong ","timestamp":"2021-11-10T08:35:57.504Z"}
{"level":"error","message":" Something is wrong ","timestamp":"2021-11-10T08:47:39.811Z"}
{"level":"error","message":" Something is wrong ","timestamp":"2021-11-10T08:48:41.176Z"}
{"level":"error","message":" Something is wrong ","timestamp":"2021-11-10T08:49:13.729Z"}
{"level":"error","message":" Something is wrong ","timestamp":"2021-11-10T08:49:36.433Z"}
{"level":"error","message":" Something is wrong ","timestamp":"2021-11-10T08:50:51.616Z"}
{"level":"error","message":"Find error in model","timestamp":"2021-11-10T08:50:52.219Z"}
{"level":"error","message":"Invalid Details","timestamp":"2021-11-10T08:50:52.318Z"}
{"level":"error","message":"Invalid Details","timestamp":"2021-11-10T08:50:52.414Z"}
{"level":"error","message":"Invalid Details","timestamp":"2021-11-10T08:50:52.489Z"}
{"level":"error","message":"Find error in model","timestamp":"2021-11-10T08:50:52.651Z"}
{"level":"error","message":"Password does not match","timestamp":"2021-11-10T08:50:52.983Z"}
{"level":"error","message":" Something is wrong ","timestamp":"2021-11-10T09:20:42.288Z"}
{"level":"error","message":" Something is wrong ","timestamp":"2021-11-10T09:20:46.500Z"}
{"level":"error","message":"Internal server error","timestamp":"2021-11-10T09:23:11.147Z"}
{"level":"error","message":"Internal server error","timestamp":"2021-11-10T09:24:20.496Z"}
{"level":"error","message":" Something is wrong ","timestamp":"2021-11-10T09:25:25.966Z"}
{"level":"error","message":"Internal server error","timestamp":"2021-11-10T09:25:28.781Z"}
{"level":"error","message":" Something is wrong ","timestamp":"2021-11-10T09:25:48.947Z"}
{"level":"error","message":"Internal server error","timestamp":"2021-11-10T09:25:51.696Z"}
{"level":"error","message":" Something is wrong ","timestamp":"2021-11-10T09:26:03.218Z"}
{"level":"error","message":" Something is wrong ","timestamp":"2021-11-10T09:26:42.508Z"}
{"level":"error","message":" Something is wrong ","timestamp":"2021-11-10T09:27:08.910Z"}
{"level":"error","message":"Internal server error","timestamp":"2021-11-10T09:27:09.053Z"}
{"level":"error","message":" Something is wrong ","timestamp":"2021-11-10T09:28:24.870Z"}
{"level":"error","message":" Something is wrong ","timestamp":"2021-11-10T09:28:44.872Z"}
{"level":"error","message":"Internal server error","timestamp":"2021-11-10T09:28:48.987Z"}
{"level":"error","message":"Internal server error","timestamp":"2021-11-10T09:28:59.515Z"}
{"level":"error","message":" Something is wrong ","timestamp":"2021-11-10T09:30:15.445Z"}
{"level":"error","message":"Internal server error","timestamp":"2021-11-10T09:30:23.618Z"}
{"level":"error","message":" Something is wrong ","timestamp":"2021-11-10T09:32:46.728Z"}
{"level":"error","message":" Something is wrong ","timestamp":"2021-11-10T09:37:16.989Z"}
{"level":"error","message":" Something is wrong ","timestamp":"2021-11-10T09:37:41.115Z"}
{"level":"error","message":" Something is wrong ","timestamp":"2021-11-10T09:38:25.830Z"}
{"level":"error","message":"Internal server error","timestamp":"2021-11-10T09:38:51.813Z"}
{"level":"error","message":" Something is wrong ","timestamp":"2021-11-10T09:47:23.332Z"}
{"level":"error","message":"Internal server error","timestamp":"2021-11-10T09:47:30.050Z"}
{"level":"error","message":" Something is wrong ","timestamp":"2021-11-10T09:49:10.339Z"}
{"level":"error","message":" Something is wrong ","timestamp":"2021-11-10T09:49:22.151Z"}
{"level":"error","message":" Something is wrong ","timestamp":"2021-11-10T09:50:19.088Z"}
{"level":"error","message":" Something is wrong ","timestamp":"2021-11-10T09:52:15.923Z"}
{"level":"error","message":" Something is wrong ","timestamp":"2021-11-10T09:52:35.741Z"}
{"level":"error","message":"Internal server error","timestamp":"2021-11-10T09:52:39.102Z"}
{"level":"error","message":" Something is wrong ","timestamp":"2021-11-10T09:54:54.849Z"}
{"level":"error","message":"Internal server error","timestamp":"2021-11-10T10:01:14.471Z"}
{"level":"error","message":"Internal server error","timestamp":"2021-11-10T10:02:10.272Z"}
{"level":"error","message":" Something is wrong ","timestamp":"2021-11-10T10:06:11.947Z"}
{"level":"error","message":"Internal server error","timestamp":"2021-11-10T10:06:18.643Z"}
{"level":"error","message":" Something is wrong ","timestamp":"2021-11-10T11:01:50.904Z"}
{"level":"error","message":"Internal server error","timestamp":"2021-11-10T11:02:18.766Z"}
{"level":"error","message":" Something is wrong ","timestamp":"2021-11-10T11:02:31.116Z"}
{"level":"error","message":" Something is wrong ","timestamp":"2021-11-10T11:06:03.376Z"}
{"level":"error","message":" Something is wrong ","timestamp":"2021-11-10T11:07:15.335Z"}
{"level":"error","message":" Something is wrong ","timestamp":"2021-11-10T11:07:55.903Z"}
{"level":"error","message":" Something is wrong ","timestamp":"2021-11-10T11:08:33.977Z"}
{"level":"error","message":" Something is wrong ","timestamp":"2021-11-10T11:10:42.110Z"}
{"level":"error","message":" Something is wrong ","timestamp":"2021-11-10T11:11:55.420Z"}
{"level":"error","message":" Something is wrong ","timestamp":"2021-11-10T11:17:19.543Z"}
{"level":"error","message":" Something is wrong ","timestamp":"2021-11-10T11:18:54.950Z"}
{"level":"error","message":" Something is wrong ","timestamp":"2021-11-10T11:21:36.151Z"}
{"level":"error","message":" Something is wrong ","timestamp":"2021-11-10T11:26:15.579Z"}
{"level":"error","message":" Something is wrong ","timestamp":"2021-11-10T11:26:19.515Z"}
{"level":"error","message":" Something is wrong ","timestamp":"2021-11-10T12:09:32.673Z"}
{"level":"error","message":" Something is wrong ","timestamp":"2021-11-10T12:15:01.514Z"}
{"level":"error","message":" Something is wrong ","timestamp":"2021-11-10T12:18:43.996Z"}
{"level":"error","message":" Something is wrong ","timestamp":"2021-11-10T12:19:25.016Z"}
{"level":"error","message":" Something is wrong ","timestamp":"2021-11-10T12:20:28.144Z"}
{"level":"error","message":" Something is wrong ","timestamp":"2021-11-10T12:22:01.892Z"}
{"level":"error","message":" Something is wrong ","timestamp":"2021-11-10T12:22:39.619Z"}
{"level":"error","message":" Something is wrong ","timestamp":"2021-11-10T12:23:43.609Z"}
{"level":"error","message":" Something is wrong ","timestamp":"2021-11-10T12:24:07.473Z"}
{"level":"error","message":"Internal server error","timestamp":"2021-11-10T12:57:40.432Z"}
{"level":"error","message":"Internal server error","timestamp":"2021-11-10T12:57:50.500Z"}
{"level":"error","message":" Something is wrong ","timestamp":"2021-11-10T13:00:16.271Z"}
{"level":"error","message":" Something is wrong ","timestamp":"2021-11-10T13:02:48.828Z"}
{"level":"error","message":" Something is wrong ","timestamp":"2021-11-10T13:03:03.026Z"}
{"level":"error","message":" Something is wrong ","timestamp":"2021-11-10T13:04:47.780Z"}
{"level":"error","message":" Something is wrong ","timestamp":"2021-11-10T13:06:24.721Z"}
{"level":"error","message":" Something is wrong ","timestamp":"2021-11-10T13:06:39.316Z"}
{"level":"error","message":" Something is wrong ","timestamp":"2021-11-10T13:17:40.812Z"}
{"level":"error","message":" Something is wrong ","timestamp":"2021-11-10T13:21:25.140Z"}
{"level":"error","message":" Something is wrong ","timestamp":"2021-11-10T13:28:34.283Z"}
{"level":"error","message":" Something is wrong ","timestamp":"2021-11-10T13:29:03.008Z"}
{"level":"error","message":" Something is wrong ","timestamp":"2021-11-10T16:36:03.782Z"}
{"level":"error","message":"Internal server error","timestamp":"2021-11-10T16:36:09.884Z"}
{"level":"error","message":" Something is wrong ","timestamp":"2021-11-10T16:38:47.125Z"}
