{"level":"info","message":"Server is listening on port 3000:","timestamp":"2021-10-28T08:39:17.388Z"}
{"level":"error","message":" Something is wrong ","timestamp":"2021-10-28T08:39:17.389Z"}
{"level":"info","message":"Server is listening on port 3000:","timestamp":"2021-10-28T08:39:30.744Z"}
{"level":"error","message":" Something is wrong ","timestamp":"2021-10-28T08:39:30.745Z"}
{"level":"info","message":"Server is listening on port 3000:","timestamp":"2021-10-28T08:40:27.578Z"}
{"level":"error","message":" Something is wrong ","timestamp":"2021-10-28T08:40:27.579Z"}
{"level":"info","message":"Server is listening on port : 3000","timestamp":"2021-10-28T08:45:48.519Z"}
{"level":"error","message":" Something is wrong ","timestamp":"2021-10-28T08:45:48.520Z"}
{"level":"info","message":"Server is listening on port : 3000","timestamp":"2021-10-28T12:07:26.711Z"}
{"level":"error","message":" Something is wrong ","timestamp":"2021-10-28T12:07:26.711Z"}
{"level":"info","message":"Server is listening on port : 3000","timestamp":"2021-10-28T12:13:54.386Z"}
{"level":"error","message":" Something is wrong ","timestamp":"2021-10-28T12:13:54.387Z"}
{"level":"info","message":"Server is listening on port : 3000","timestamp":"2021-10-28T12:15:20.245Z"}
{"level":"error","message":" Something is wrong ","timestamp":"2021-10-28T12:15:20.246Z"}
{"level":"info","message":"Server is listening on port : 3000","timestamp":"2021-10-28T12:18:41.841Z"}
{"level":"error","message":" Something is wrong ","timestamp":"2021-10-28T12:18:41.842Z"}
{"level":"info","message":"Server is listening on port : 3000","timestamp":"2021-10-28T12:24:38.896Z"}
{"level":"error","message":" Something is wrong ","timestamp":"2021-10-28T12:24:38.897Z"}
{"level":"info","message":"Server is listening on port : 3000","timestamp":"2021-10-28T12:27:36.290Z"}
{"level":"error","message":" Something is wrong ","timestamp":"2021-10-28T12:27:36.291Z"}
{"level":"info","message":"Server is listening on port : 3000","timestamp":"2021-10-28T12:31:31.282Z"}
{"level":"error","message":" Something is wrong ","timestamp":"2021-10-28T12:31:31.284Z"}
{"level":"info","message":"Server is listening on port : 3000","timestamp":"2021-10-28T12:54:13.416Z"}
{"level":"error","message":" Something is wrong ","timestamp":"2021-10-28T12:54:13.417Z"}
{"level":"error","message":"Find error in model","timestamp":"2021-10-28T12:54:22.452Z"}
{"level":"info","message":"Email id found","timestamp":"2021-10-28T12:54:52.393Z"}
{"level":"info","message":"Server is listening on port : 3000","timestamp":"2021-10-28T12:56:19.778Z"}
{"level":"error","message":" Something is wrong ","timestamp":"2021-10-28T12:56:19.779Z"}
{"level":"info","message":"Email id found","timestamp":"2021-10-28T12:56:26.137Z"}
{"level":"info","message":"Valid Password","timestamp":"2021-10-28T12:56:26.281Z"}
{"level":"info","message":"Server is listening on port : 3000","timestamp":"2021-10-28T12:56:46.444Z"}
{"level":"error","message":" Something is wrong ","timestamp":"2021-10-28T12:56:46.446Z"}
{"level":"info","message":"Server is listening on port : 3000","timestamp":"2021-10-28T13:02:24.678Z"}
{"level":"error","message":" Something is wrong ","timestamp":"2021-10-28T13:02:24.679Z"}
{"level":"info","message":"Server is listening on port : 3000","timestamp":"2021-10-28T13:05:14.934Z"}
{"level":"error","message":" Something is wrong ","timestamp":"2021-10-28T13:05:14.935Z"}
{"level":"info","message":"Server is listening on port : 3000","timestamp":"2021-10-28T13:08:44.406Z"}
{"level":"error","message":" Something is wrong ","timestamp":"2021-10-28T13:08:44.407Z"}
{"level":"info","message":"Server is listening on port : 3000","timestamp":"2021-10-28T13:12:55.678Z"}
{"level":"error","message":" Something is wrong ","timestamp":"2021-10-28T13:12:55.679Z"}
{"level":"info","message":"Server is listening on port : 3000","timestamp":"2021-10-28T13:15:18.679Z"}
{"level":"error","message":" Something is wrong ","timestamp":"2021-10-28T13:15:18.679Z"}
{"level":"info","message":"Server is listening on port : 3000","timestamp":"2021-10-28T13:17:41.202Z"}
{"level":"error","message":" Something is wrong ","timestamp":"2021-10-28T13:17:41.203Z"}
{"level":"info","message":"Server is listening on port : 3000","timestamp":"2021-10-28T13:20:23.873Z"}
{"level":"error","message":" Something is wrong ","timestamp":"2021-10-28T13:20:23.874Z"}
{"level":"info","message":"Server is listening on port : 3000","timestamp":"2021-10-28T13:22:42.040Z"}
{"level":"error","message":" Something is wrong ","timestamp":"2021-10-28T13:22:42.041Z"}
{"level":"info","message":"Server is listening on port : 3000","timestamp":"2021-10-28T13:23:05.313Z"}
{"level":"error","message":" Something is wrong ","timestamp":"2021-10-28T13:23:05.314Z"}
{"level":"info","message":"Server is listening on port : 3000","timestamp":"2021-10-28T13:36:15.842Z"}
{"level":"error","message":" Something is wrong ","timestamp":"2021-10-28T13:36:15.842Z"}
{"level":"info","message":"User suucesfully registered","timestamp":"2021-10-28T13:43:38.820Z"}
{"level":"info","message":"User registered","timestamp":"2021-10-28T13:43:38.824Z"}
{"level":"info","message":"Email id found","timestamp":"2021-10-28T13:44:06.956Z"}
{"level":"info","message":"Valid Password","timestamp":"2021-10-28T13:44:07.107Z"}
{"level":"info","message":"Server is listening on port : 3000","timestamp":"2021-10-28T13:45:16.055Z"}
{"level":"error","message":" Something is wrong ","timestamp":"2021-10-28T13:45:16.055Z"}
{"level":"info","message":"Server is listening on port : 3000","timestamp":"2021-10-28T13:46:07.828Z"}
{"level":"error","message":" Something is wrong ","timestamp":"2021-10-28T13:46:07.830Z"}
{"level":"error","message":"email id is not exist","timestamp":"2021-10-28T13:46:11.803Z"}
{"level":"error","message":"email id is not exist","timestamp":"2021-10-28T13:49:29.941Z"}
{"level":"info","message":"Server is listening on port : 3000","timestamp":"2021-10-28T13:50:49.904Z"}
{"level":"error","message":" Something is wrong ","timestamp":"2021-10-28T13:50:49.905Z"}
{"level":"error","message":"email id is not exist","timestamp":"2021-10-28T13:50:54.741Z"}
{"level":"info","message":"Server is listening on port : 3000","timestamp":"2021-10-28T13:51:09.063Z"}
{"level":"error","message":" Something is wrong ","timestamp":"2021-10-28T13:51:09.063Z"}
{"level":"info","message":"Server is listening on port : 3000","timestamp":"2021-10-28T13:54:15.300Z"}
{"level":"error","message":" Something is wrong ","timestamp":"2021-10-28T13:54:15.301Z"}
{"level":"info","message":"Server is listening on port : 3000","timestamp":"2021-10-28T13:54:44.252Z"}
{"level":"error","message":" Something is wrong ","timestamp":"2021-10-28T13:54:44.253Z"}
{"level":"info","message":"Server is listening on port : 3000","timestamp":"2021-10-28T13:56:26.206Z"}
{"level":"error","message":" Something is wrong ","timestamp":"2021-10-28T13:56:26.207Z"}
{"level":"info","message":"Server is listening on port : 3000","timestamp":"2021-10-28T13:56:51.116Z"}
{"level":"error","message":" Something is wrong ","timestamp":"2021-10-28T13:56:51.117Z"}
{"level":"info","message":"Server is listening on port : 3000","timestamp":"2021-10-28T13:59:33.269Z"}
{"level":"error","message":" Something is wrong ","timestamp":"2021-10-28T13:59:33.270Z"}
{"level":"info","message":"Server is listening on port : 3000","timestamp":"2021-10-28T14:15:24.203Z"}
{"level":"error","message":" Something is wrong ","timestamp":"2021-10-28T14:15:24.203Z"}
{"level":"info","message":"Server is listening on port : 3000","timestamp":"2021-10-28T15:31:36.099Z"}
{"level":"error","message":" Something is wrong ","timestamp":"2021-10-28T15:31:36.100Z"}
{"level":"info","message":"Server is listening on port : 3000","timestamp":"2021-10-28T15:32:34.497Z"}
{"level":"error","message":" Something is wrong ","timestamp":"2021-10-28T15:32:34.498Z"}
{"level":"info","message":"Server is listening on port : 3000","timestamp":"2021-10-28T15:34:28.310Z"}
{"level":"error","message":" Something is wrong ","timestamp":"2021-10-28T15:34:28.311Z"}
{"level":"error","message":"Invalid Details","timestamp":"2021-10-28T15:34:30.836Z"}
{"level":"error","message":"Invalid Details","timestamp":"2021-10-28T15:34:30.924Z"}
{"level":"error","message":"Invalid Details","timestamp":"2021-10-28T15:34:31.000Z"}
{"level":"error","message":"Find error in model","timestamp":"2021-10-28T15:34:31.139Z"}
{"level":"error","message":"Find error in model","timestamp":"2021-10-28T15:34:31.386Z"}
{"level":"info","message":"Email id found","timestamp":"2021-10-28T15:34:32.276Z"}
{"level":"info","message":"Valid Password","timestamp":"2021-10-28T15:34:32.399Z"}
{"level":"info","message":"Email id found","timestamp":"2021-10-28T15:34:32.406Z"}
{"level":"error","message":"Password does not match","timestamp":"2021-10-28T15:34:32.499Z"}
{"level":"info","message":"User suucesfully registered","timestamp":"2021-10-28T15:36:31.231Z"}
{"level":"info","message":"User registered","timestamp":"2021-10-28T15:36:31.233Z"}
{"level":"error","message":"Find error in model","timestamp":"2021-10-28T15:36:57.875Z"}
{"level":"info","message":"Server is listening on port : 3000","timestamp":"2021-10-28T15:37:27.647Z"}
{"level":"error","message":" Something is wrong ","timestamp":"2021-10-28T15:37:27.648Z"}
{"level":"error","message":"Find error in model","timestamp":"2021-10-28T15:37:27.852Z"}
{"level":"error","message":"Invalid Details","timestamp":"2021-10-28T15:37:27.938Z"}
{"level":"error","message":"Invalid Details","timestamp":"2021-10-28T15:37:28.015Z"}
{"level":"error","message":"Invalid Details","timestamp":"2021-10-28T15:37:28.091Z"}
{"level":"error","message":"Find error in model","timestamp":"2021-10-28T15:37:28.249Z"}
{"level":"info","message":"Email id found","timestamp":"2021-10-28T15:37:28.417Z"}
{"level":"info","message":"Valid Password","timestamp":"2021-10-28T15:37:28.532Z"}
{"level":"info","message":"Email id found","timestamp":"2021-10-28T15:37:28.538Z"}
{"level":"error","message":"Password does not match","timestamp":"2021-10-28T15:37:28.619Z"}
{"level":"error","message":"Find error in model","timestamp":"2021-10-28T15:38:22.725Z"}
{"level":"info","message":"Server is listening on port : 3000","timestamp":"2021-10-28T15:38:38.427Z"}
{"level":"error","message":" Something is wrong ","timestamp":"2021-10-28T15:38:38.427Z"}
{"level":"error","message":"Find error in model","timestamp":"2021-10-28T15:38:38.675Z"}
{"level":"error","message":"Invalid Details","timestamp":"2021-10-28T15:38:38.769Z"}
{"level":"error","message":"Invalid Details","timestamp":"2021-10-28T15:38:38.851Z"}
{"level":"error","message":"Invalid Details","timestamp":"2021-10-28T15:38:38.926Z"}
{"level":"error","message":"Find error in model","timestamp":"2021-10-28T15:38:39.104Z"}
{"level":"info","message":"Email id found","timestamp":"2021-10-28T15:38:39.204Z"}
{"level":"info","message":"Valid Password","timestamp":"2021-10-28T15:38:39.317Z"}
{"level":"info","message":"Email id found","timestamp":"2021-10-28T15:38:39.323Z"}
{"level":"error","message":"Password does not match","timestamp":"2021-10-28T15:38:39.411Z"}
{"level":"error","message":"Find error in model","timestamp":"2021-10-28T15:39:17.214Z"}
{"level":"info","message":"Server is listening on port : 3000","timestamp":"2021-10-28T15:39:27.140Z"}
{"level":"error","message":" Something is wrong ","timestamp":"2021-10-28T15:39:27.141Z"}
{"level":"error","message":"Find error in model","timestamp":"2021-10-28T15:39:27.356Z"}
{"level":"error","message":"Invalid Details","timestamp":"2021-10-28T15:39:27.458Z"}
{"level":"error","message":"Invalid Details","timestamp":"2021-10-28T15:39:27.539Z"}
{"level":"error","message":"Invalid Details","timestamp":"2021-10-28T15:39:27.618Z"}
{"level":"error","message":"Find error in model","timestamp":"2021-10-28T15:39:27.774Z"}
{"level":"info","message":"Email id found","timestamp":"2021-10-28T15:39:27.860Z"}
{"level":"info","message":"Valid Password","timestamp":"2021-10-28T15:39:27.977Z"}
{"level":"info","message":"Email id found","timestamp":"2021-10-28T15:39:27.983Z"}
{"level":"error","message":"Password does not match","timestamp":"2021-10-28T15:39:28.075Z"}
{"level":"info","message":"Server is listening on port : 3000","timestamp":"2021-10-28T16:02:07.561Z"}
{"level":"error","message":" Something is wrong ","timestamp":"2021-10-28T16:02:07.562Z"}
{"level":"info","message":"Server is listening on port : 3000","timestamp":"2021-10-28T16:04:06.603Z"}
{"level":"error","message":" Something is wrong ","timestamp":"2021-10-28T16:04:06.603Z"}
{"level":"info","message":"Server is listening on port : 3000","timestamp":"2021-10-28T16:05:46.082Z"}
{"level":"error","message":" Something is wrong ","timestamp":"2021-10-28T16:05:46.083Z"}
{"level":"info","message":"Server is listening on port : 3000","timestamp":"2021-10-28T16:06:22.063Z"}
{"level":"error","message":" Something is wrong ","timestamp":"2021-10-28T16:06:22.064Z"}
{"level":"info","message":"email send Successfully","timestamp":"2021-10-28T16:06:28.024Z"}
{"level":"info","message":"Server is listening on port : 3000","timestamp":"2021-10-28T16:15:09.680Z"}
{"level":"error","message":" Something is wrong ","timestamp":"2021-10-28T16:15:09.681Z"}
{"level":"info","message":"Server is listening on port : 3000","timestamp":"2021-10-28T16:22:00.013Z"}
{"level":"error","message":" Something is wrong ","timestamp":"2021-10-28T16:22:00.014Z"}
{"level":"info","message":"Server is listening on port : 3000","timestamp":"2021-10-28T16:22:32.540Z"}
{"level":"error","message":" Something is wrong ","timestamp":"2021-10-28T16:22:32.540Z"}
{"level":"info","message":"email send Successfully","timestamp":"2021-10-28T16:22:39.473Z"}
{"level":"info","message":"Server is listening on port : 3000","timestamp":"2021-10-28T16:26:22.654Z"}
{"level":"error","message":" Something is wrong ","timestamp":"2021-10-28T16:26:22.655Z"}
{"level":"info","message":"email send Successfully","timestamp":"2021-10-28T16:26:28.974Z"}
{"level":"info","message":"Server is listening on port : 3000","timestamp":"2021-10-28T16:30:59.638Z"}
{"level":"error","message":" Something is wrong ","timestamp":"2021-10-28T16:30:59.639Z"}
{"level":"info","message":"Server is listening on port : 3000","timestamp":"2021-10-28T16:33:00.277Z"}
{"level":"error","message":" Something is wrong ","timestamp":"2021-10-28T16:33:00.278Z"}
{"level":"info","message":"email send Successfully","timestamp":"2021-10-28T16:33:05.664Z"}
{"level":"info","message":"Server is listening on port : 3000","timestamp":"2021-10-28T16:37:17.262Z"}
{"level":"error","message":" Something is wrong ","timestamp":"2021-10-28T16:37:17.263Z"}
{"level":"info","message":"email send Successfully","timestamp":"2021-10-28T16:37:24.280Z"}
{"level":"info","message":"Server is listening on port : 3000","timestamp":"2021-10-28T16:40:15.144Z"}
{"level":"error","message":" Something is wrong ","timestamp":"2021-10-28T16:40:15.145Z"}
{"level":"info","message":"email send Successfully","timestamp":"2021-10-28T16:40:20.338Z"}
{"level":"info","message":"Server is listening on port : 3000","timestamp":"2021-10-28T16:43:32.857Z"}
{"level":"error","message":" Something is wrong ","timestamp":"2021-10-28T16:43:32.858Z"}
{"level":"info","message":"email send Successfully","timestamp":"2021-10-28T16:47:47.107Z"}
{"level":"info","message":"Server is listening on port : 3000","timestamp":"2021-10-28T16:48:23.989Z"}
{"level":"error","message":" Something is wrong ","timestamp":"2021-10-28T16:48:23.990Z"}
{"level":"info","message":"Server is listening on port : 3000","timestamp":"2021-10-28T16:48:55.847Z"}
{"level":"error","message":" Something is wrong ","timestamp":"2021-10-28T16:48:55.848Z"}
{"level":"info","message":"email send Successfully","timestamp":"2021-10-28T16:49:04.467Z"}
{"level":"info","message":"Server is listening on port : 3000","timestamp":"2021-10-28T17:01:10.931Z"}
{"level":"error","message":" Something is wrong ","timestamp":"2021-10-28T17:01:10.932Z"}
{"level":"info","message":"Server is listening on port : 3000","timestamp":"2021-10-29T02:18:47.966Z"}
{"level":"error","message":" Something is wrong ","timestamp":"2021-10-29T02:18:47.995Z"}
{"level":"info","message":"email send Successfully","timestamp":"2021-10-29T02:25:33.381Z"}
{"level":"info","message":"Server is listening on port : 3000","timestamp":"2021-10-29T02:34:20.707Z"}
{"level":"error","message":" Something is wrong ","timestamp":"2021-10-29T02:34:20.708Z"}
{"level":"info","message":"Server is listening on port : 3000","timestamp":"2021-10-29T02:38:01.842Z"}
{"level":"error","message":" Something is wrong ","timestamp":"2021-10-29T02:38:01.843Z"}
{"level":"info","message":"Server is listening on port : 3000","timestamp":"2021-10-29T02:38:37.313Z"}
{"level":"error","message":" Something is wrong ","timestamp":"2021-10-29T02:38:37.314Z"}
{"level":"info","message":"Server is listening on port : 3000","timestamp":"2021-10-29T02:38:40.987Z"}
{"level":"error","message":" Something is wrong ","timestamp":"2021-10-29T02:38:40.988Z"}
{"level":"info","message":"email send Successfully","timestamp":"2021-10-29T02:38:46.964Z"}
{"level":"info","message":"Server is listening on port : 3000","timestamp":"2021-10-29T02:39:29.233Z"}
{"level":"error","message":" Something is wrong ","timestamp":"2021-10-29T02:39:29.234Z"}
{"level":"info","message":"email send Successfully","timestamp":"2021-10-29T02:39:32.989Z"}
{"level":"info","message":"Server is listening on port : 3000","timestamp":"2021-10-29T02:44:33.329Z"}
{"level":"error","message":" Something is wrong ","timestamp":"2021-10-29T02:44:33.330Z"}
{"level":"info","message":"email send Successfully","timestamp":"2021-10-29T02:44:36.676Z"}
{"level":"info","message":"Server is listening on port : 3000","timestamp":"2021-10-29T02:45:45.556Z"}
{"level":"error","message":" Something is wrong ","timestamp":"2021-10-29T02:45:45.557Z"}
{"level":"info","message":"Server is listening on port : 3000","timestamp":"2021-10-29T02:45:56.245Z"}
{"level":"error","message":" Something is wrong ","timestamp":"2021-10-29T02:45:56.246Z"}
{"level":"info","message":"Server is listening on port : 3000","timestamp":"2021-10-29T02:46:19.047Z"}
{"level":"error","message":" Something is wrong ","timestamp":"2021-10-29T02:46:19.048Z"}
{"level":"info","message":"email send Successfully","timestamp":"2021-10-29T02:51:02.062Z"}
{"level":"info","message":"Server is listening on port : 3000","timestamp":"2021-10-29T02:52:11.072Z"}
{"level":"error","message":" Something is wrong ","timestamp":"2021-10-29T02:52:11.074Z"}
{"level":"info","message":"email send Successfully","timestamp":"2021-10-29T02:52:17.048Z"}
{"level":"info","message":"Server is listening on port : 3000","timestamp":"2021-10-29T02:53:05.520Z"}
{"level":"error","message":" Something is wrong ","timestamp":"2021-10-29T02:53:05.522Z"}
{"level":"info","message":"email send Successfully","timestamp":"2021-10-29T02:53:10.837Z"}
{"level":"info","message":"email send Successfully","timestamp":"2021-10-29T02:54:07.681Z"}
{"level":"info","message":"Server is listening on port : 3000","timestamp":"2021-10-29T02:55:01.101Z"}
{"level":"error","message":" Something is wrong ","timestamp":"2021-10-29T02:55:01.103Z"}
{"level":"info","message":"email send Successfully","timestamp":"2021-10-29T02:55:06.587Z"}
{"level":"info","message":"Server is listening on port : 3000","timestamp":"2021-10-29T02:58:30.562Z"}
{"level":"error","message":" Something is wrong ","timestamp":"2021-10-29T02:58:30.563Z"}
{"level":"info","message":"email send Successfully","timestamp":"2021-10-29T02:58:36.138Z"}
{"level":"info","message":"Server is listening on port : 3000","timestamp":"2021-10-29T03:12:16.668Z"}
{"level":"error","message":" Something is wrong ","timestamp":"2021-10-29T03:12:16.668Z"}
{"level":"info","message":"email send Successfully","timestamp":"2021-10-29T03:13:26.702Z"}
{"level":"info","message":"Server is listening on port : 3000","timestamp":"2021-10-29T03:16:45.311Z"}
{"level":"error","message":" Something is wrong ","timestamp":"2021-10-29T03:16:45.312Z"}
{"level":"info","message":"email send Successfully","timestamp":"2021-10-29T03:16:49.682Z"}
{"level":"info","message":"Server is listening on port : 3000","timestamp":"2021-10-29T03:20:15.369Z"}
{"level":"error","message":" Something is wrong ","timestamp":"2021-10-29T03:20:15.370Z"}
{"level":"info","message":"email send Successfully","timestamp":"2021-10-29T03:22:36.851Z"}
{"level":"info","message":"Server is listening on port : 3000","timestamp":"2021-10-30T03:11:42.918Z"}
{"level":"error","message":" Something is wrong ","timestamp":"2021-10-30T03:11:42.919Z"}
{"level":"info","message":"email send Successfully","timestamp":"2021-10-30T03:13:47.385Z"}
{"level":"info","message":"Server is listening on port : 3000","timestamp":"2021-10-30T03:25:01.363Z"}
{"level":"error","message":" Something is wrong ","timestamp":"2021-10-30T03:25:01.364Z"}
{"level":"info","message":"Server is listening on port : 3000","timestamp":"2021-10-30T03:25:38.748Z"}
{"level":"error","message":" Something is wrong ","timestamp":"2021-10-30T03:25:38.749Z"}
{"level":"info","message":"Server is listening on port : 3000","timestamp":"2021-10-30T03:25:58.225Z"}
{"level":"error","message":" Something is wrong ","timestamp":"2021-10-30T03:25:58.228Z"}
{"level":"info","message":"Server is listening on port : 3000","timestamp":"2021-10-30T03:27:05.455Z"}
{"level":"error","message":" Something is wrong ","timestamp":"2021-10-30T03:27:05.456Z"}
{"level":"info","message":"Server is listening on port : 3000","timestamp":"2021-10-30T03:27:15.228Z"}
{"level":"error","message":" Something is wrong ","timestamp":"2021-10-30T03:27:15.230Z"}
{"level":"info","message":"email send Successfully","timestamp":"2021-10-30T03:27:21.639Z"}
{"level":"info","message":"Server is listening on port : 3000","timestamp":"2021-10-30T03:58:55.721Z"}
{"level":"error","message":" Something is wrong ","timestamp":"2021-10-30T03:58:55.722Z"}
{"level":"info","message":"Email id found","timestamp":"2021-10-30T03:59:28.907Z"}
{"level":"error","message":"Password does not match","timestamp":"2021-10-30T03:59:29.078Z"}
{"level":"info","message":"Email id found","timestamp":"2021-10-30T03:59:40.307Z"}
{"level":"info","message":"Valid Password","timestamp":"2021-10-30T03:59:40.414Z"}
{"level":"info","message":"Server is listening on port : 3000","timestamp":"2021-10-30T04:11:33.130Z"}
{"level":"error","message":" Something is wrong ","timestamp":"2021-10-30T04:11:33.131Z"}
{"level":"info","message":"email send Successfully","timestamp":"2021-10-30T04:12:23.417Z"}
{"level":"info","message":"Server is listening on port : 3000","timestamp":"2021-10-30T04:16:16.821Z"}
{"level":"error","message":" Something is wrong ","timestamp":"2021-10-30T04:16:16.821Z"}
{"level":"info","message":"Server is listening on port : 3000","timestamp":"2021-10-30T05:16:08.271Z"}
{"level":"error","message":" Something is wrong ","timestamp":"2021-10-30T05:16:08.413Z"}
{"level":"info","message":"email send Successfully","timestamp":"2021-10-30T05:16:20.875Z"}
{"level":"info","message":"Server is listening on port : 3000","timestamp":"2021-10-30T05:20:00.946Z"}
{"level":"error","message":" Something is wrong ","timestamp":"2021-10-30T05:20:00.948Z"}
{"level":"info","message":"Server is listening on port : 3000","timestamp":"2021-10-30T05:20:20.030Z"}
{"level":"error","message":" Something is wrong ","timestamp":"2021-10-30T05:20:20.031Z"}
{"level":"info","message":"Server is listening on port : 3000","timestamp":"2021-10-30T05:20:25.192Z"}
{"level":"error","message":" Something is wrong ","timestamp":"2021-10-30T05:20:25.194Z"}
{"level":"info","message":"Server is listening on port : 3000","timestamp":"2021-10-30T05:22:07.588Z"}
{"level":"error","message":" Something is wrong ","timestamp":"2021-10-30T05:22:07.589Z"}
{"level":"info","message":"Server is listening on port : 3000","timestamp":"2021-10-30T05:22:15.573Z"}
{"level":"error","message":" Something is wrong ","timestamp":"2021-10-30T05:22:15.574Z"}
{"level":"info","message":"email send Successfully","timestamp":"2021-10-30T05:22:39.831Z"}
{"level":"info","message":"Server is listening on port : 3000","timestamp":"2021-10-30T05:23:28.429Z"}
{"level":"error","message":" Something is wrong ","timestamp":"2021-10-30T05:23:28.429Z"}
{"level":"info","message":"email send Successfully","timestamp":"2021-10-30T05:23:33.871Z"}
{"level":"info","message":"Server is listening on port : 3000","timestamp":"2021-10-30T05:24:36.925Z"}
{"level":"error","message":" Something is wrong ","timestamp":"2021-10-30T05:24:36.926Z"}
{"level":"info","message":"Server is listening on port : 3000","timestamp":"2021-10-30T05:24:47.466Z"}
{"level":"error","message":" Something is wrong ","timestamp":"2021-10-30T05:24:47.467Z"}
{"level":"info","message":"email send Successfully","timestamp":"2021-10-30T06:03:47.108Z"}
{"level":"info","message":"Server is listening on port : 3000","timestamp":"2021-10-30T06:27:48.365Z"}
{"level":"error","message":" Something is wrong ","timestamp":"2021-10-30T06:27:48.371Z"}
{"level":"info","message":"Server is listening on port : 3000","timestamp":"2021-10-30T06:28:33.039Z"}
{"level":"error","message":" Something is wrong ","timestamp":"2021-10-30T06:28:33.041Z"}
{"level":"info","message":"Server is listening on port : 3000","timestamp":"2021-10-30T06:49:21.881Z"}
{"level":"error","message":" Something is wrong ","timestamp":"2021-10-30T06:49:21.882Z"}
{"level":"info","message":"Server is listening on port : 3000","timestamp":"2021-10-30T06:49:58.904Z"}
{"level":"error","message":" Something is wrong ","timestamp":"2021-10-30T06:49:58.905Z"}
{"level":"info","message":"email send Successfully","timestamp":"2021-10-30T06:50:08.977Z"}
{"level":"info","message":"Server is listening on port : 3000","timestamp":"2021-10-30T07:22:57.798Z"}
{"level":"error","message":" Something is wrong ","timestamp":"2021-10-30T07:22:57.944Z"}
{"level":"info","message":"Server is listening on port : 3000","timestamp":"2021-10-30T07:26:07.167Z"}
{"level":"error","message":" Something is wrong ","timestamp":"2021-10-30T07:26:07.167Z"}
{"level":"info","message":"Server is listening on port : 3000","timestamp":"2021-10-30T07:33:08.775Z"}
{"level":"error","message":" Something is wrong ","timestamp":"2021-10-30T07:33:08.776Z"}
{"level":"info","message":"Server is listening on port : 3000","timestamp":"2021-10-30T07:35:00.558Z"}
{"level":"error","message":" Something is wrong ","timestamp":"2021-10-30T07:35:00.559Z"}
{"level":"info","message":"Server is listening on port : 3000","timestamp":"2021-10-30T07:36:36.444Z"}
{"level":"error","message":" Something is wrong ","timestamp":"2021-10-30T07:36:36.445Z"}
{"level":"info","message":"email send Successfully","timestamp":"2021-10-30T07:36:38.526Z"}
{"level":"info","message":"Server is listening on port : 3000","timestamp":"2021-10-30T07:38:57.564Z"}
{"level":"error","message":" Something is wrong ","timestamp":"2021-10-30T07:38:57.565Z"}
{"level":"info","message":"Server is listening on port : 3000","timestamp":"2021-10-30T07:39:20.338Z"}
{"level":"error","message":" Something is wrong ","timestamp":"2021-10-30T07:39:20.339Z"}
{"level":"info","message":"Server is listening on port : 3000","timestamp":"2021-10-30T07:41:58.710Z"}
{"level":"error","message":" Something is wrong ","timestamp":"2021-10-30T07:41:58.711Z"}
{"level":"info","message":"Server is listening on port : 3000","timestamp":"2021-10-30T07:48:55.271Z"}
{"level":"error","message":" Something is wrong ","timestamp":"2021-10-30T07:48:55.272Z"}
{"level":"info","message":"Server is listening on port : 3000","timestamp":"2021-10-30T07:49:04.153Z"}
{"level":"error","message":" Something is wrong ","timestamp":"2021-10-30T07:49:04.153Z"}
{"level":"info","message":"Server is listening on port : 3000","timestamp":"2021-10-30T11:06:43.237Z"}
{"level":"error","message":" Something is wrong ","timestamp":"2021-10-30T11:06:43.255Z"}
{"level":"info","message":"email send Successfully","timestamp":"2021-10-30T11:06:54.762Z"}
{"level":"info","message":"Server is listening on port : 3000","timestamp":"2021-10-30T16:24:47.550Z"}
{"level":"error","message":" Something is wrong ","timestamp":"2021-10-30T16:24:47.589Z"}
{"level":"info","message":"email send Successfully","timestamp":"2021-10-30T16:24:50.238Z"}
{"code":"EAUTH","command":"API","level":"error","timestamp":"2021-10-30T16:24:52.017Z"}
{"level":"info","message":"email send Successfully","timestamp":"2021-10-30T16:25:21.222Z"}
{"code":"EAUTH","command":"API","level":"error","timestamp":"2021-10-30T16:25:22.231Z"}
{"level":"info","message":"Server is listening on port : 3000","timestamp":"2021-10-30T16:32:57.030Z"}
{"level":"error","message":" Something is wrong ","timestamp":"2021-10-30T16:32:57.034Z"}
{"level":"info","message":"email send Successfully","timestamp":"2021-10-30T16:33:00.955Z"}
{"code":"EAUTH","command":"API","level":"error","timestamp":"2021-10-30T16:33:02.086Z"}
{"level":"info","message":"Server is listening on port : 3000","timestamp":"2021-10-30T16:34:34.845Z"}
{"level":"error","message":" Something is wrong ","timestamp":"2021-10-30T16:34:34.846Z"}
{"level":"info","message":"email send Successfully","timestamp":"2021-10-30T16:34:48.226Z"}
{"code":"EAUTH","command":"API","level":"error","timestamp":"2021-10-30T16:34:49.100Z"}
{"level":"info","message":"Server is listening on port : 3000","timestamp":"2021-10-30T16:40:36.877Z"}
{"level":"error","message":" Something is wrong ","timestamp":"2021-10-30T16:40:36.879Z"}
{"level":"info","message":"email send Successfully","timestamp":"2021-10-30T16:40:40.584Z"}
{"code":"EAUTH","command":"API","level":"error","timestamp":"2021-10-30T16:40:41.592Z"}
{"level":"info","message":"Server is listening on port : 3000","timestamp":"2021-10-30T16:41:51.505Z"}
{"level":"error","message":" Something is wrong ","timestamp":"2021-10-30T16:41:51.506Z"}
{"level":"info","message":"email send Successfully","timestamp":"2021-10-30T16:41:56.730Z"}
{"code":"EAUTH","command":"API","level":"error","timestamp":"2021-10-30T16:41:57.661Z"}
{"level":"info","message":"Server is listening on port : 3000","timestamp":"2021-10-30T16:43:22.333Z"}
{"level":"error","message":" Something is wrong ","timestamp":"2021-10-30T16:43:22.334Z"}
{"level":"error","message":"email id is not exist","timestamp":"2021-10-30T16:43:28.675Z"}
{"level":"info","message":"Server is listening on port : 3000","timestamp":"2021-10-30T16:43:57.393Z"}
{"level":"error","message":" Something is wrong ","timestamp":"2021-10-30T16:43:57.394Z"}
{"level":"info","message":"Server is listening on port : 3000","timestamp":"2021-10-30T16:45:08.340Z"}
{"level":"error","message":" Something is wrong ","timestamp":"2021-10-30T16:45:08.341Z"}
{"level":"info","message":"email send Successfully","timestamp":"2021-10-30T16:45:12.165Z"}
{"code":"EAUTH","command":"API","level":"error","timestamp":"2021-10-30T16:45:13.777Z"}
{"level":"info","message":"Server is listening on port : 3000","timestamp":"2021-10-30T16:51:42.109Z"}
{"level":"error","message":" Something is wrong ","timestamp":"2021-10-30T16:51:42.110Z"}
{"level":"info","message":"email send Successfully","timestamp":"2021-10-30T16:51:45.279Z"}
{"code":"EAUTH","command":"AUTH PLAIN","level":"error","response":"535-5.7.8 Username and Password not accepted. Learn more at\n535 5.7.8  https://support.google.com/mail/?p=BadCredentials n12sm8534596pgh.55 - gsmtp","responseCode":535,"timestamp":"2021-10-30T16:51:47.659Z"}
{"level":"info","message":"Server is listening on port : 3000","timestamp":"2021-10-30T16:53:41.730Z"}
{"level":"error","message":" Something is wrong ","timestamp":"2021-10-30T16:53:41.731Z"}
{"level":"info","message":"Server is listening on port : 3000","timestamp":"2021-10-30T17:05:26.504Z"}
{"level":"error","message":" Something is wrong ","timestamp":"2021-10-30T17:05:26.504Z"}
{"level":"info","message":"Server is listening on port : 3000","timestamp":"2021-10-30T17:07:58.385Z"}
{"level":"error","message":" Something is wrong ","timestamp":"2021-10-30T17:07:58.386Z"}
{"code":"EDNS","command":"CONN","errno":-3008,"hostname":"smpt.gmail.com","level":"error","syscall":"getaddrinfo","timestamp":"2021-10-30T17:07:58.844Z"}
{"level":"info","message":"Server is listening on port : 3000","timestamp":"2021-10-30T17:09:25.578Z"}
{"level":"error","message":" Something is wrong ","timestamp":"2021-10-30T17:09:25.579Z"}
{"code":"EDNS","command":"CONN","errno":-3008,"hostname":"smpt.gmail.com","level":"error","syscall":"getaddrinfo","timestamp":"2021-10-30T17:09:26.161Z"}
{"level":"info","message":"Server is listening on port : 3000","timestamp":"2021-10-30T17:09:44.160Z"}
{"level":"error","message":" Something is wrong ","timestamp":"2021-10-30T17:09:44.161Z"}
{"code":"EDNS","command":"CONN","errno":-3008,"hostname":"smpt.gmail.com","level":"error","syscall":"getaddrinfo","timestamp":"2021-10-30T17:09:44.184Z"}
{"level":"info","message":"Server is listening on port : 3000","timestamp":"2021-10-30T17:10:39.167Z"}
{"level":"error","message":" Something is wrong ","timestamp":"2021-10-30T17:10:39.167Z"}
{"code":"EDNS","command":"CONN","errno":-3008,"hostname":"smpt.gmail.com","level":"error","syscall":"getaddrinfo","timestamp":"2021-10-30T17:10:39.634Z"}
{"level":"info","message":"email send Successfully","timestamp":"2021-10-30T17:10:42.246Z"}
{"level":"info","message":"Server is listening on port : 3000","timestamp":"2021-10-31T04:27:06.926Z"}
{"level":"error","message":" Something is wrong ","timestamp":"2021-10-31T04:27:06.927Z"}
{"level":"info","message":"Jwt Token Generate","timestamp":"2021-10-31T04:28:18.219Z"}
{"level":"info","message":"email send Successfully","timestamp":"2021-10-31T04:28:18.227Z"}
{"level":"info","message":"Server is listening on port : 3000","timestamp":"2021-10-31T04:31:21.795Z"}
{"level":"error","message":" Something is wrong ","timestamp":"2021-10-31T04:31:21.795Z"}
{"level":"info","message":"Jwt Token Generate","timestamp":"2021-10-31T04:31:24.179Z"}
{"level":"info","message":"email send Successfully","timestamp":"2021-10-31T04:31:24.186Z"}
{"level":"info","message":"Server is listening on port : 3000","timestamp":"2021-10-31T04:32:08.808Z"}
{"level":"error","message":" Something is wrong ","timestamp":"2021-10-31T04:32:08.809Z"}
{"level":"error","message":"Invalid Details","timestamp":"2021-10-31T04:33:07.860Z"}
{"level":"info","message":"User suucesfully registered","timestamp":"2021-10-31T04:33:41.011Z"}
{"level":"info","message":"User registered","timestamp":"2021-10-31T04:33:41.015Z"}
{"level":"info","message":"Email id found","timestamp":"2021-10-31T04:34:04.745Z"}
{"level":"info","message":"Server is listening on port : 3000","timestamp":"2021-10-31T04:34:24.908Z"}
{"level":"error","message":" Something is wrong ","timestamp":"2021-10-31T04:34:24.909Z"}
{"level":"info","message":"Email id found","timestamp":"2021-10-31T04:34:29.776Z"}
{"level":"info","message":"Server is listening on port : 3000","timestamp":"2021-10-31T04:35:37.723Z"}
{"level":"error","message":" Something is wrong ","timestamp":"2021-10-31T04:35:37.727Z"}
{"level":"info","message":"Email id found","timestamp":"2021-10-31T04:35:42.866Z"}
{"level":"info","message":"Valid Password","timestamp":"2021-10-31T04:35:43.022Z"}
{"level":"info","message":"Jwt Token Generate","timestamp":"2021-10-31T04:36:26.696Z"}
{"level":"info","message":"email send Successfully","timestamp":"2021-10-31T04:36:26.701Z"}
{"level":"info","message":"Jwt Token Generate","timestamp":"2021-10-31T04:40:30.125Z"}
{"level":"info","message":"email send Successfully","timestamp":"2021-10-31T04:40:30.127Z"}
{"level":"info","message":"Jwt Token Generate","timestamp":"2021-10-31T04:41:41.679Z"}
{"level":"info","message":"email send Successfully","timestamp":"2021-10-31T04:41:41.681Z"}
{"level":"info","message":"Server is listening on port : 3000","timestamp":"2021-10-31T04:41:52.909Z"}
{"level":"error","message":" Something is wrong ","timestamp":"2021-10-31T04:41:52.910Z"}
{"level":"info","message":"Server is listening on port : 3000","timestamp":"2021-10-31T04:42:00.941Z"}
{"level":"error","message":" Something is wrong ","timestamp":"2021-10-31T04:42:00.942Z"}
{"level":"info","message":"Server is listening on port : 3000","timestamp":"2021-10-31T04:43:43.373Z"}
{"level":"error","message":" Something is wrong ","timestamp":"2021-10-31T04:43:43.374Z"}
{"level":"info","message":"Server is listening on port : 3000","timestamp":"2021-10-31T04:57:42.783Z"}
{"level":"error","message":" Something is wrong ","timestamp":"2021-10-31T04:57:42.783Z"}
{"level":"info","message":"Server is listening on port : 3000","timestamp":"2021-10-31T05:05:19.654Z"}
{"level":"error","message":" Something is wrong ","timestamp":"2021-10-31T05:05:19.655Z"}
{"level":"info","message":"Server is listening on port : 3000","timestamp":"2021-10-31T05:06:59.653Z"}
{"level":"error","message":" Something is wrong ","timestamp":"2021-10-31T05:06:59.654Z"}
{"level":"info","message":"Server is listening on port : 3000","timestamp":"2021-10-31T05:07:54.907Z"}
{"level":"error","message":" Something is wrong ","timestamp":"2021-10-31T05:07:54.908Z"}
{"level":"info","message":"Server is listening on port : 3000","timestamp":"2021-10-31T05:09:10.213Z"}
{"level":"error","message":" Something is wrong ","timestamp":"2021-10-31T05:09:10.214Z"}
{"level":"info","message":"Email id found","timestamp":"2021-10-31T05:10:07.508Z"}
{"level":"info","message":"Valid Password","timestamp":"2021-10-31T05:10:07.699Z"}
{"level":"info","message":"Jwt Token Generate","timestamp":"2021-10-31T05:16:43.039Z"}
{"level":"info","message":"email send Successfully","timestamp":"2021-10-31T05:16:43.045Z"}
{"level":"info","message":"Server is listening on port : 3000","timestamp":"2021-10-31T05:19:56.856Z"}
{"level":"error","message":" Something is wrong ","timestamp":"2021-10-31T05:19:56.857Z"}
{"level":"info","message":"Jwt Token Generate","timestamp":"2021-10-31T05:20:01.204Z"}
{"level":"info","message":"email send Successfully","timestamp":"2021-10-31T05:20:01.210Z"}
